{"uid":"88902e67fb25e3b8","name":"Playground Scenario Test","fullName":"main#test_playground_scenario","historyId":"3adbab820130a1780cc55761aeeadbc3","time":{"start":1695829775502,"stop":1695829777668,"duration":2166},"status":"failed","statusMessage":"AssertionError: assert 'Add/Remove Elements' == 'The Internet'\n  - The Internet\n  + Add/Remove Elements","statusTrace":"driver = <selenium.webdriver.chrome.webdriver.WebDriver (session=\"39f12e41d932394b2ffd7e4e09b59b7e\")>\n\n    @allure.title(\"Playground Scenario Test\")\n    def test_playground_scenario(driver):\n        # Open \"The Internet\" testing playground\n        driver.get(\"https://the-internet.herokuapp.com/\")\n    \n        # Step 1: Click on the 'A/B Testing' link\n        with allure.step(\"Step 1: Click on the 'A/B Testing' link\"):\n            driver.find_element(By.LINK_TEXT, \"A/B Testing\").click()\n    \n        # Step 2: Navigate back to the home page\n        with allure.step(\"Step 3: Navigate back to the home page\"):\n            driver.back()\n    \n        # Step 3: Click on the 'Add/Remove Elements' link\n        with allure.step(\"Step 4: Click on the 'Add/Remove Elements' link\"):\n            driver.find_element(By.LINK_TEXT, \"Add/Remove Elements\").click()\n    \n        # Step 4: Verify landing page\n        with allure.step(\"Step 5: Verify page title\"):\n>           assert \"Add/Remove Elements\" == driver.title  # This should fail due to a bug\nE           AssertionError: assert 'Add/Remove Elements' == 'The Internet'\nE             - The Internet\nE             + Add/Remove Elements\n\nmain.py:33: AssertionError","flaky":false,"newFailed":false,"newBroken":false,"newPassed":false,"retriesCount":0,"retriesStatusChange":false,"beforeStages":[{"name":"driver","time":{"start":1695829774173,"stop":1695829775496,"duration":1323},"status":"passed","steps":[],"attachments":[],"parameters":[],"shouldDisplayMessage":false,"attachmentsCount":0,"stepsCount":0,"hasContent":false}],"testStage":{"status":"failed","statusMessage":"AssertionError: assert 'Add/Remove Elements' == 'The Internet'\n  - The Internet\n  + Add/Remove Elements","statusTrace":"driver = <selenium.webdriver.chrome.webdriver.WebDriver (session=\"39f12e41d932394b2ffd7e4e09b59b7e\")>\n\n    @allure.title(\"Playground Scenario Test\")\n    def test_playground_scenario(driver):\n        # Open \"The Internet\" testing playground\n        driver.get(\"https://the-internet.herokuapp.com/\")\n    \n        # Step 1: Click on the 'A/B Testing' link\n        with allure.step(\"Step 1: Click on the 'A/B Testing' link\"):\n            driver.find_element(By.LINK_TEXT, \"A/B Testing\").click()\n    \n        # Step 2: Navigate back to the home page\n        with allure.step(\"Step 3: Navigate back to the home page\"):\n            driver.back()\n    \n        # Step 3: Click on the 'Add/Remove Elements' link\n        with allure.step(\"Step 4: Click on the 'Add/Remove Elements' link\"):\n            driver.find_element(By.LINK_TEXT, \"Add/Remove Elements\").click()\n    \n        # Step 4: Verify landing page\n        with allure.step(\"Step 5: Verify page title\"):\n>           assert \"Add/Remove Elements\" == driver.title  # This should fail due to a bug\nE           AssertionError: assert 'Add/Remove Elements' == 'The Internet'\nE             - The Internet\nE             + Add/Remove Elements\n\nmain.py:33: AssertionError","steps":[{"name":"Step 1: Click on the 'A/B Testing' link","time":{"start":1695829777263,"stop":1695829777469,"duration":206},"status":"passed","steps":[],"attachments":[],"parameters":[],"shouldDisplayMessage":false,"attachmentsCount":0,"stepsCount":0,"hasContent":false},{"name":"Step 3: Navigate back to the home page","time":{"start":1695829777469,"stop":1695829777478,"duration":9},"status":"passed","steps":[],"attachments":[],"parameters":[],"shouldDisplayMessage":false,"attachmentsCount":0,"stepsCount":0,"hasContent":false},{"name":"Step 4: Click on the 'Add/Remove Elements' link","time":{"start":1695829777478,"stop":1695829777663,"duration":185},"status":"passed","steps":[],"attachments":[],"parameters":[],"shouldDisplayMessage":false,"attachmentsCount":0,"stepsCount":0,"hasContent":false},{"name":"Step 5: Verify page title","time":{"start":1695829777663,"stop":1695829777666,"duration":3},"status":"failed","statusMessage":"AssertionError: assert 'Add/Remove Elements' == 'The Internet'\n  - The Internet\n  + Add/Remove Elements\n","statusTrace":"  File \"/Users/liza/PycharmProjects/example2/main.py\", line 33, in test_playground_scenario\n    assert \"Add/Remove Elements\" == driver.title  # This should fail due to a bug\n    ^^^^^^^^^^^^^^^^^^^^^^^^^^^^^^^^^^^^^^^^^^^^\n","steps":[],"attachments":[],"parameters":[],"shouldDisplayMessage":true,"attachmentsCount":0,"stepsCount":0,"hasContent":true}],"attachments":[],"parameters":[],"shouldDisplayMessage":true,"attachmentsCount":0,"stepsCount":4,"hasContent":true},"afterStages":[{"name":"driver::0","time":{"start":1695829777693,"stop":1695829777769,"duration":76},"status":"passed","steps":[],"attachments":[],"parameters":[],"shouldDisplayMessage":false,"attachmentsCount":0,"stepsCount":0,"hasContent":false}],"labels":[{"name":"suite","value":"main"},{"name":"host","value":"ip-172-16-4-172.eu-central-1.compute.internal"},{"name":"thread","value":"80886-MainThread"},{"name":"framework","value":"pytest"},{"name":"language","value":"cpython3"},{"name":"package","value":"main"},{"name":"resultFormat","value":"allure2"}],"parameters":[],"links":[],"hidden":true,"retry":true,"extra":{"categories":[],"tags":[]},"source":"88902e67fb25e3b8.json","parameterValues":[]}