{"uid":"1dbf1768bf87922f","name":"Playground Scenario Test","fullName":"main#test_playground_scenario","historyId":"3adbab820130a1780cc55761aeeadbc3","time":{"start":1695829127783,"stop":1695829129891,"duration":2108},"status":"broken","statusMessage":"selenium.common.exceptions.NoSuchElementException: Message: no such element: Unable to locate element: {\"method\":\"xpath\",\"selector\":\"./button[text()='Delite']\"}\n  (Session info: chrome=117.0.5938.92); For documentation on this error, please visit: https://www.selenium.dev/documentation/webdriver/troubleshooting/errors#no-such-element-exception\nStacktrace:\n0   chromedriver                        0x0000000102b1ed98 chromedriver + 4337048\n1   chromedriver                        0x0000000102b16e14 chromedriver + 4304404\n2   chromedriver                        0x0000000102743a5c chromedriver + 293468\n3   chromedriver                        0x0000000102788d50 chromedriver + 576848\n4   chromedriver                        0x000000010277e200 chromedriver + 532992\n5   chromedriver                        0x00000001027c3908 chromedriver + 817416\n6   chromedriver                        0x000000010277ca5c chromedriver + 526940\n7   chromedriver                        0x000000010277d908 chromedriver + 530696\n8   chromedriver                        0x0000000102ae4de4 chromedriver + 4099556\n9   chromedriver                        0x0000000102ae92a0 chromedriver + 4117152\n10  chromedriver                        0x0000000102aef52c chromedriver + 4142380\n11  chromedriver                        0x0000000102ae9da0 chromedriver + 4119968\n12  chromedriver                        0x0000000102ac1a74 chromedriver + 3955316\n13  chromedriver                        0x0000000102b06a48 chromedriver + 4237896\n14  chromedriver                        0x0000000102b06bc4 chromedriver + 4238276\n15  chromedriver                        0x0000000102b16a8c chromedriver + 4303500\n16  libsystem_pthread.dylib             0x00000001a539ffa8 _pthread_start + 148\n17  libsystem_pthread.dylib             0x00000001a539ada0 thread_start + 8","statusTrace":"driver = <selenium.webdriver.chrome.webdriver.WebDriver (session=\"050fa932589a01abc32331508d63e852\")>\n\n    @allure.title(\"Playground Scenario Test\")\n    def test_playground_scenario(driver):\n        # Open \"The Internet\" testing playground\n        driver.get(\"https://the-internet.herokuapp.com/\")\n    \n        # Step 1: Click on the 'A/B Testing' link\n        with allure.step(\"Step 1: Click on the 'A/B Testing' link\"):\n            driver.find_element(By.LINK_TEXT, \"A/B Testing\").click()\n    \n        # Step 2: Verify landing page (buggy)\n        with allure.step(\"Step 2: Verify landing page\"):\n            assert \"The Internet\" in driver.title  # This should fail due to a bug\n    \n        # Step 3: Navigate back to the home page\n        with allure.step(\"Step 3: Navigate back to the home page\"):\n            driver.back()\n    \n        # Step 4: Click on the 'Add/Remove Elements' link\n        with allure.step(\"Step 4: Click on the 'Add/Remove Elements' link\"):\n            driver.find_element(By.LINK_TEXT, \"Add/Remove Elements\").click()\n    \n        # Step 5: Click 'Add Element' button\n        with allure.step(\"Step 5: Click 'Add Element' button\"):\n            driver.find_element(By.CSS_SELECTOR, \"button[onclick='addElement()']\").click()\n    \n        # Step 6: Verify element added\n        with allure.step(\"Step 6: Verify element added\"):\n            assert len(driver.find_elements(By.CLASS_NAME, \"added-manually\")) == 1  # This should fail due to a bug\n    \n        # Step 7: Click 'Delete' button\n        with allure.step(\"Step 7: Click 'Delete' button\"):\n            delete_button = driver.find_element(By.CLASS_NAME, \"added-manually\")\n>           delete_button.find_element(By.XPATH, \"..\").find_element(By.XPATH, \"./button[text()='Delite']\").click()\n\nmain.py:46: \n_ _ _ _ _ _ _ _ _ _ _ _ _ _ _ _ _ _ _ _ _ _ _ _ _ _ _ _ _ _ _ _ _ _ _ _ _ _ _ _ _ _ _ _ _ _ _ _ _ _ _ _ _ _ _ _ _ _ _ _ _ _ _ _ _ _ _ _ _ _ _ _ _ _ _ _ _ _ _ _ _ _ _ _ _ _ _ _ _ _ _\nvenv/lib/python3.11/site-packages/selenium/webdriver/remote/webelement.py:416: in find_element\n    return self._execute(Command.FIND_CHILD_ELEMENT, {\"using\": by, \"value\": value})[\"value\"]\nvenv/lib/python3.11/site-packages/selenium/webdriver/remote/webelement.py:394: in _execute\n    return self._parent.execute(command, params)\nvenv/lib/python3.11/site-packages/selenium/webdriver/remote/webdriver.py:344: in execute\n    self.error_handler.check_response(response)\n_ _ _ _ _ _ _ _ _ _ _ _ _ _ _ _ _ _ _ _ _ _ _ _ _ _ _ _ _ _ _ _ _ _ _ _ _ _ _ _ _ _ _ _ _ _ _ _ _ _ _ _ _ _ _ _ _ _ _ _ _ _ _ _ _ _ _ _ _ _ _ _ _ _ _ _ _ _ _ _ _ _ _ _ _ _ _ _ _ _ _\n\nself = <selenium.webdriver.remote.errorhandler.ErrorHandler object at 0x101a68510>\nresponse = {'status': 404, 'value': '{\"value\":{\"error\":\"no such element\",\"message\":\"no such element: Unable to locate element: {\\...0001a539ffa8 _pthread_start + 148\\\\n17  libsystem_pthread.dylib             0x00000001a539ada0 thread_start + 8\\\\n\"}}'}\n\n    def check_response(self, response: Dict[str, Any]) -> None:\n        \"\"\"Checks that a JSON response from the WebDriver does not have an\n        error.\n    \n        :Args:\n         - response - The JSON response from the WebDriver server as a dictionary\n           object.\n    \n        :Raises: If the response contains an error message.\n        \"\"\"\n        status = response.get(\"status\", None)\n        if not status or status == ErrorCode.SUCCESS:\n            return\n        value = None\n        message = response.get(\"message\", \"\")\n        screen: str = response.get(\"screen\", \"\")\n        stacktrace = None\n        if isinstance(status, int):\n            value_json = response.get(\"value\", None)\n            if value_json and isinstance(value_json, str):\n                import json\n    \n                try:\n                    value = json.loads(value_json)\n                    if len(value) == 1:\n                        value = value[\"value\"]\n                    status = value.get(\"error\", None)\n                    if not status:\n                        status = value.get(\"status\", ErrorCode.UNKNOWN_ERROR)\n                        message = value.get(\"value\") or value.get(\"message\")\n                        if not isinstance(message, str):\n                            value = message\n                            message = message.get(\"message\")\n                    else:\n                        message = value.get(\"message\", None)\n                except ValueError:\n                    pass\n    \n        exception_class: Type[WebDriverException]\n        e = ErrorCode()\n        error_codes = [item for item in dir(e) if not item.startswith(\"__\")]\n        for error_code in error_codes:\n            error_info = getattr(ErrorCode, error_code)\n            if isinstance(error_info, list) and status in error_info:\n                exception_class = getattr(ExceptionMapping, error_code, WebDriverException)\n                break\n        else:\n            exception_class = WebDriverException\n    \n        if not value:\n            value = response[\"value\"]\n        if isinstance(value, str):\n            raise exception_class(value)\n        if message == \"\" and \"message\" in value:\n            message = value[\"message\"]\n    \n        screen = None  # type: ignore[assignment]\n        if \"screen\" in value:\n            screen = value[\"screen\"]\n    \n        stacktrace = None\n        st_value = value.get(\"stackTrace\") or value.get(\"stacktrace\")\n        if st_value:\n            if isinstance(st_value, str):\n                stacktrace = st_value.split(\"\\n\")\n            else:\n                stacktrace = []\n                try:\n                    for frame in st_value:\n                        line = frame.get(\"lineNumber\", \"\")\n                        file = frame.get(\"fileName\", \"<anonymous>\")\n                        if line:\n                            file = f\"{file}:{line}\"\n                        meth = frame.get(\"methodName\", \"<anonymous>\")\n                        if \"className\" in frame:\n                            meth = f\"{frame['className']}.{meth}\"\n                        msg = \"    at %s (%s)\"\n                        msg = msg % (meth, file)\n                        stacktrace.append(msg)\n                except TypeError:\n                    pass\n        if exception_class == UnexpectedAlertPresentException:\n            alert_text = None\n            if \"data\" in value:\n                alert_text = value[\"data\"].get(\"text\")\n            elif \"alert\" in value:\n                alert_text = value[\"alert\"].get(\"text\")\n            raise exception_class(message, screen, stacktrace, alert_text)  # type: ignore[call-arg]  # mypy is not smart enough here\n>       raise exception_class(message, screen, stacktrace)\nE       selenium.common.exceptions.NoSuchElementException: Message: no such element: Unable to locate element: {\"method\":\"xpath\",\"selector\":\"./button[text()='Delite']\"}\nE         (Session info: chrome=117.0.5938.92); For documentation on this error, please visit: https://www.selenium.dev/documentation/webdriver/troubleshooting/errors#no-such-element-exception\nE       Stacktrace:\nE       0   chromedriver                        0x0000000102b1ed98 chromedriver + 4337048\nE       1   chromedriver                        0x0000000102b16e14 chromedriver + 4304404\nE       2   chromedriver                        0x0000000102743a5c chromedriver + 293468\nE       3   chromedriver                        0x0000000102788d50 chromedriver + 576848\nE       4   chromedriver                        0x000000010277e200 chromedriver + 532992\nE       5   chromedriver                        0x00000001027c3908 chromedriver + 817416\nE       6   chromedriver                        0x000000010277ca5c chromedriver + 526940\nE       7   chromedriver                        0x000000010277d908 chromedriver + 530696\nE       8   chromedriver                        0x0000000102ae4de4 chromedriver + 4099556\nE       9   chromedriver                        0x0000000102ae92a0 chromedriver + 4117152\nE       10  chromedriver                        0x0000000102aef52c chromedriver + 4142380\nE       11  chromedriver                        0x0000000102ae9da0 chromedriver + 4119968\nE       12  chromedriver                        0x0000000102ac1a74 chromedriver + 3955316\nE       13  chromedriver                        0x0000000102b06a48 chromedriver + 4237896\nE       14  chromedriver                        0x0000000102b06bc4 chromedriver + 4238276\nE       15  chromedriver                        0x0000000102b16a8c chromedriver + 4303500\nE       16  libsystem_pthread.dylib             0x00000001a539ffa8 _pthread_start + 148\nE       17  libsystem_pthread.dylib             0x00000001a539ada0 thread_start + 8\n\nvenv/lib/python3.11/site-packages/selenium/webdriver/remote/errorhandler.py:229: NoSuchElementException","flaky":false,"newFailed":false,"newBroken":false,"newPassed":false,"retriesCount":6,"retriesStatusChange":true,"beforeStages":[{"name":"driver","time":{"start":1695829126461,"stop":1695829127777,"duration":1316},"status":"passed","steps":[],"attachments":[],"parameters":[],"shouldDisplayMessage":false,"attachmentsCount":0,"stepsCount":0,"hasContent":false}],"testStage":{"status":"broken","statusMessage":"selenium.common.exceptions.NoSuchElementException: Message: no such element: Unable to locate element: {\"method\":\"xpath\",\"selector\":\"./button[text()='Delite']\"}\n  (Session info: chrome=117.0.5938.92); For documentation on this error, please visit: https://www.selenium.dev/documentation/webdriver/troubleshooting/errors#no-such-element-exception\nStacktrace:\n0   chromedriver                        0x0000000102b1ed98 chromedriver + 4337048\n1   chromedriver                        0x0000000102b16e14 chromedriver + 4304404\n2   chromedriver                        0x0000000102743a5c chromedriver + 293468\n3   chromedriver                        0x0000000102788d50 chromedriver + 576848\n4   chromedriver                        0x000000010277e200 chromedriver + 532992\n5   chromedriver                        0x00000001027c3908 chromedriver + 817416\n6   chromedriver                        0x000000010277ca5c chromedriver + 526940\n7   chromedriver                        0x000000010277d908 chromedriver + 530696\n8   chromedriver                        0x0000000102ae4de4 chromedriver + 4099556\n9   chromedriver                        0x0000000102ae92a0 chromedriver + 4117152\n10  chromedriver                        0x0000000102aef52c chromedriver + 4142380\n11  chromedriver                        0x0000000102ae9da0 chromedriver + 4119968\n12  chromedriver                        0x0000000102ac1a74 chromedriver + 3955316\n13  chromedriver                        0x0000000102b06a48 chromedriver + 4237896\n14  chromedriver                        0x0000000102b06bc4 chromedriver + 4238276\n15  chromedriver                        0x0000000102b16a8c chromedriver + 4303500\n16  libsystem_pthread.dylib             0x00000001a539ffa8 _pthread_start + 148\n17  libsystem_pthread.dylib             0x00000001a539ada0 thread_start + 8","statusTrace":"driver = <selenium.webdriver.chrome.webdriver.WebDriver (session=\"050fa932589a01abc32331508d63e852\")>\n\n    @allure.title(\"Playground Scenario Test\")\n    def test_playground_scenario(driver):\n        # Open \"The Internet\" testing playground\n        driver.get(\"https://the-internet.herokuapp.com/\")\n    \n        # Step 1: Click on the 'A/B Testing' link\n        with allure.step(\"Step 1: Click on the 'A/B Testing' link\"):\n            driver.find_element(By.LINK_TEXT, \"A/B Testing\").click()\n    \n        # Step 2: Verify landing page (buggy)\n        with allure.step(\"Step 2: Verify landing page\"):\n            assert \"The Internet\" in driver.title  # This should fail due to a bug\n    \n        # Step 3: Navigate back to the home page\n        with allure.step(\"Step 3: Navigate back to the home page\"):\n            driver.back()\n    \n        # Step 4: Click on the 'Add/Remove Elements' link\n        with allure.step(\"Step 4: Click on the 'Add/Remove Elements' link\"):\n            driver.find_element(By.LINK_TEXT, \"Add/Remove Elements\").click()\n    \n        # Step 5: Click 'Add Element' button\n        with allure.step(\"Step 5: Click 'Add Element' button\"):\n            driver.find_element(By.CSS_SELECTOR, \"button[onclick='addElement()']\").click()\n    \n        # Step 6: Verify element added\n        with allure.step(\"Step 6: Verify element added\"):\n            assert len(driver.find_elements(By.CLASS_NAME, \"added-manually\")) == 1  # This should fail due to a bug\n    \n        # Step 7: Click 'Delete' button\n        with allure.step(\"Step 7: Click 'Delete' button\"):\n            delete_button = driver.find_element(By.CLASS_NAME, \"added-manually\")\n>           delete_button.find_element(By.XPATH, \"..\").find_element(By.XPATH, \"./button[text()='Delite']\").click()\n\nmain.py:46: \n_ _ _ _ _ _ _ _ _ _ _ _ _ _ _ _ _ _ _ _ _ _ _ _ _ _ _ _ _ _ _ _ _ _ _ _ _ _ _ _ _ _ _ _ _ _ _ _ _ _ _ _ _ _ _ _ _ _ _ _ _ _ _ _ _ _ _ _ _ _ _ _ _ _ _ _ _ _ _ _ _ _ _ _ _ _ _ _ _ _ _\nvenv/lib/python3.11/site-packages/selenium/webdriver/remote/webelement.py:416: in find_element\n    return self._execute(Command.FIND_CHILD_ELEMENT, {\"using\": by, \"value\": value})[\"value\"]\nvenv/lib/python3.11/site-packages/selenium/webdriver/remote/webelement.py:394: in _execute\n    return self._parent.execute(command, params)\nvenv/lib/python3.11/site-packages/selenium/webdriver/remote/webdriver.py:344: in execute\n    self.error_handler.check_response(response)\n_ _ _ _ _ _ _ _ _ _ _ _ _ _ _ _ _ _ _ _ _ _ _ _ _ _ _ _ _ _ _ _ _ _ _ _ _ _ _ _ _ _ _ _ _ _ _ _ _ _ _ _ _ _ _ _ _ _ _ _ _ _ _ _ _ _ _ _ _ _ _ _ _ _ _ _ _ _ _ _ _ _ _ _ _ _ _ _ _ _ _\n\nself = <selenium.webdriver.remote.errorhandler.ErrorHandler object at 0x101a68510>\nresponse = {'status': 404, 'value': '{\"value\":{\"error\":\"no such element\",\"message\":\"no such element: Unable to locate element: {\\...0001a539ffa8 _pthread_start + 148\\\\n17  libsystem_pthread.dylib             0x00000001a539ada0 thread_start + 8\\\\n\"}}'}\n\n    def check_response(self, response: Dict[str, Any]) -> None:\n        \"\"\"Checks that a JSON response from the WebDriver does not have an\n        error.\n    \n        :Args:\n         - response - The JSON response from the WebDriver server as a dictionary\n           object.\n    \n        :Raises: If the response contains an error message.\n        \"\"\"\n        status = response.get(\"status\", None)\n        if not status or status == ErrorCode.SUCCESS:\n            return\n        value = None\n        message = response.get(\"message\", \"\")\n        screen: str = response.get(\"screen\", \"\")\n        stacktrace = None\n        if isinstance(status, int):\n            value_json = response.get(\"value\", None)\n            if value_json and isinstance(value_json, str):\n                import json\n    \n                try:\n                    value = json.loads(value_json)\n                    if len(value) == 1:\n                        value = value[\"value\"]\n                    status = value.get(\"error\", None)\n                    if not status:\n                        status = value.get(\"status\", ErrorCode.UNKNOWN_ERROR)\n                        message = value.get(\"value\") or value.get(\"message\")\n                        if not isinstance(message, str):\n                            value = message\n                            message = message.get(\"message\")\n                    else:\n                        message = value.get(\"message\", None)\n                except ValueError:\n                    pass\n    \n        exception_class: Type[WebDriverException]\n        e = ErrorCode()\n        error_codes = [item for item in dir(e) if not item.startswith(\"__\")]\n        for error_code in error_codes:\n            error_info = getattr(ErrorCode, error_code)\n            if isinstance(error_info, list) and status in error_info:\n                exception_class = getattr(ExceptionMapping, error_code, WebDriverException)\n                break\n        else:\n            exception_class = WebDriverException\n    \n        if not value:\n            value = response[\"value\"]\n        if isinstance(value, str):\n            raise exception_class(value)\n        if message == \"\" and \"message\" in value:\n            message = value[\"message\"]\n    \n        screen = None  # type: ignore[assignment]\n        if \"screen\" in value:\n            screen = value[\"screen\"]\n    \n        stacktrace = None\n        st_value = value.get(\"stackTrace\") or value.get(\"stacktrace\")\n        if st_value:\n            if isinstance(st_value, str):\n                stacktrace = st_value.split(\"\\n\")\n            else:\n                stacktrace = []\n                try:\n                    for frame in st_value:\n                        line = frame.get(\"lineNumber\", \"\")\n                        file = frame.get(\"fileName\", \"<anonymous>\")\n                        if line:\n                            file = f\"{file}:{line}\"\n                        meth = frame.get(\"methodName\", \"<anonymous>\")\n                        if \"className\" in frame:\n                            meth = f\"{frame['className']}.{meth}\"\n                        msg = \"    at %s (%s)\"\n                        msg = msg % (meth, file)\n                        stacktrace.append(msg)\n                except TypeError:\n                    pass\n        if exception_class == UnexpectedAlertPresentException:\n            alert_text = None\n            if \"data\" in value:\n                alert_text = value[\"data\"].get(\"text\")\n            elif \"alert\" in value:\n                alert_text = value[\"alert\"].get(\"text\")\n            raise exception_class(message, screen, stacktrace, alert_text)  # type: ignore[call-arg]  # mypy is not smart enough here\n>       raise exception_class(message, screen, stacktrace)\nE       selenium.common.exceptions.NoSuchElementException: Message: no such element: Unable to locate element: {\"method\":\"xpath\",\"selector\":\"./button[text()='Delite']\"}\nE         (Session info: chrome=117.0.5938.92); For documentation on this error, please visit: https://www.selenium.dev/documentation/webdriver/troubleshooting/errors#no-such-element-exception\nE       Stacktrace:\nE       0   chromedriver                        0x0000000102b1ed98 chromedriver + 4337048\nE       1   chromedriver                        0x0000000102b16e14 chromedriver + 4304404\nE       2   chromedriver                        0x0000000102743a5c chromedriver + 293468\nE       3   chromedriver                        0x0000000102788d50 chromedriver + 576848\nE       4   chromedriver                        0x000000010277e200 chromedriver + 532992\nE       5   chromedriver                        0x00000001027c3908 chromedriver + 817416\nE       6   chromedriver                        0x000000010277ca5c chromedriver + 526940\nE       7   chromedriver                        0x000000010277d908 chromedriver + 530696\nE       8   chromedriver                        0x0000000102ae4de4 chromedriver + 4099556\nE       9   chromedriver                        0x0000000102ae92a0 chromedriver + 4117152\nE       10  chromedriver                        0x0000000102aef52c chromedriver + 4142380\nE       11  chromedriver                        0x0000000102ae9da0 chromedriver + 4119968\nE       12  chromedriver                        0x0000000102ac1a74 chromedriver + 3955316\nE       13  chromedriver                        0x0000000102b06a48 chromedriver + 4237896\nE       14  chromedriver                        0x0000000102b06bc4 chromedriver + 4238276\nE       15  chromedriver                        0x0000000102b16a8c chromedriver + 4303500\nE       16  libsystem_pthread.dylib             0x00000001a539ffa8 _pthread_start + 148\nE       17  libsystem_pthread.dylib             0x00000001a539ada0 thread_start + 8\n\nvenv/lib/python3.11/site-packages/selenium/webdriver/remote/errorhandler.py:229: NoSuchElementException","steps":[{"name":"Step 1: Click on the 'A/B Testing' link","time":{"start":1695829129481,"stop":1695829129656,"duration":175},"status":"passed","steps":[],"attachments":[],"parameters":[],"shouldDisplayMessage":false,"attachmentsCount":0,"stepsCount":0,"hasContent":false},{"name":"Step 2: Verify landing page","time":{"start":1695829129656,"stop":1695829129658,"duration":2},"status":"passed","steps":[],"attachments":[],"parameters":[],"shouldDisplayMessage":false,"attachmentsCount":0,"stepsCount":0,"hasContent":false},{"name":"Step 3: Navigate back to the home page","time":{"start":1695829129658,"stop":1695829129664,"duration":6},"status":"passed","steps":[],"attachments":[],"parameters":[],"shouldDisplayMessage":false,"attachmentsCount":0,"stepsCount":0,"hasContent":false},{"name":"Step 4: Click on the 'Add/Remove Elements' link","time":{"start":1695829129664,"stop":1695829129836,"duration":172},"status":"passed","steps":[],"attachments":[],"parameters":[],"shouldDisplayMessage":false,"attachmentsCount":0,"stepsCount":0,"hasContent":false},{"name":"Step 5: Click 'Add Element' button","time":{"start":1695829129836,"stop":1695829129867,"duration":31},"status":"passed","steps":[],"attachments":[],"parameters":[],"shouldDisplayMessage":false,"attachmentsCount":0,"stepsCount":0,"hasContent":false},{"name":"Step 6: Verify element added","time":{"start":1695829129867,"stop":1695829129872,"duration":5},"status":"passed","steps":[],"attachments":[],"parameters":[],"shouldDisplayMessage":false,"attachmentsCount":0,"stepsCount":0,"hasContent":false},{"name":"Step 7: Click 'Delete' button","time":{"start":1695829129872,"stop":1695829129888,"duration":16},"status":"broken","statusMessage":"selenium.common.exceptions.NoSuchElementException: Message: no such element: Unable to locate element: {\"method\":\"xpath\",\"selector\":\"./button[text()='Delite']\"}\n  (Session info: chrome=117.0.5938.92); For documentation on this error, please visit: https://www.selenium.dev/documentation/webdriver/troubleshooting/errors#no-such-element-exception\nStacktrace:\n0   chromedriver                        0x0000000102b1ed98 chromedriver + 4337048\n1   chromedriver                        0x0000000102b16e14 chromedriver + 4304404\n2   chromedriver                        0x0000000102743a5c chromedriver + 293468\n3   chromedriver                        0x0000000102788d50 chromedriver + 576848\n4   chromedriver                        0x000000010277e200 chromedriver + 532992\n5   chromedriver                        0x00000001027c3908 chromedriver + 817416\n6   chromedriver                        0x000000010277ca5c chromedriver + 526940\n7   chromedriver                        0x000000010277d908 chromedriver + 530696\n8   chromedriver                        0x0000000102ae4de4 chromedriver + 4099556\n9   chromedriver                        0x0000000102ae92a0 chromedriver + 4117152\n10  chromedriver                        0x0000000102aef52c chromedriver + 4142380\n11  chromedriver                        0x0000000102ae9da0 chromedriver + 4119968\n12  chromedriver                        0x0000000102ac1a74 chromedriver + 3955316\n13  chromedriver                        0x0000000102b06a48 chromedriver + 4237896\n14  chromedriver                        0x0000000102b06bc4 chromedriver + 4238276\n15  chromedriver                        0x0000000102b16a8c chromedriver + 4303500\n16  libsystem_pthread.dylib             0x00000001a539ffa8 _pthread_start + 148\n17  libsystem_pthread.dylib             0x00000001a539ada0 thread_start + 8\n\n","statusTrace":"  File \"/Users/liza/PycharmProjects/example1/main.py\", line 46, in test_playground_scenario\n    delete_button.find_element(By.XPATH, \"..\").find_element(By.XPATH, \"./button[text()='Delite']\").click()\n    ^^^^^^^^^^^^^^^^^^^^^^^^^^^^^^^^^^^^^^^^^^^^^^^^^^^^^^^^^^^^^^^^^^^^^^^^^^^^^^^^^^^^^^^^^^^^^^\n  File \"/Users/liza/PycharmProjects/example1/venv/lib/python3.11/site-packages/selenium/webdriver/remote/webelement.py\", line 416, in find_element\n    return self._execute(Command.FIND_CHILD_ELEMENT, {\"using\": by, \"value\": value})[\"value\"]\n           ^^^^^^^^^^^^^^^^^^^^^^^^^^^^^^^^^^^^^^^^^^^^^^^^^^^^^^^^^^^^^^^^^^^^^^^^\n  File \"/Users/liza/PycharmProjects/example1/venv/lib/python3.11/site-packages/selenium/webdriver/remote/webelement.py\", line 394, in _execute\n    return self._parent.execute(command, params)\n           ^^^^^^^^^^^^^^^^^^^^^^^^^^^^^^^^^^^^^\n  File \"/Users/liza/PycharmProjects/example1/venv/lib/python3.11/site-packages/selenium/webdriver/remote/webdriver.py\", line 344, in execute\n    self.error_handler.check_response(response)\n  File \"/Users/liza/PycharmProjects/example1/venv/lib/python3.11/site-packages/selenium/webdriver/remote/errorhandler.py\", line 229, in check_response\n    raise exception_class(message, screen, stacktrace)\n","steps":[],"attachments":[],"parameters":[],"shouldDisplayMessage":true,"attachmentsCount":0,"stepsCount":0,"hasContent":true}],"attachments":[],"parameters":[],"shouldDisplayMessage":true,"attachmentsCount":0,"stepsCount":7,"hasContent":true},"afterStages":[{"name":"driver::0","time":{"start":1695829129924,"stop":1695829130004,"duration":80},"status":"passed","steps":[],"attachments":[],"parameters":[],"shouldDisplayMessage":false,"attachmentsCount":0,"stepsCount":0,"hasContent":false}],"labels":[{"name":"suite","value":"main"},{"name":"host","value":"ip-172-16-4-172.eu-central-1.compute.internal"},{"name":"thread","value":"80419-MainThread"},{"name":"framework","value":"pytest"},{"name":"language","value":"cpython3"},{"name":"package","value":"main"},{"name":"resultFormat","value":"allure2"}],"parameters":[],"links":[],"hidden":false,"retry":false,"extra":{"severity":"normal","retries":[{"uid":"f8fe518a3b80c445","status":"failed","statusDetails":"AssertionError: assert 1 == 0\n +  where 1 = len([<selenium.webdriver.remote.webelement.WebElement (session=\"c38ae97b3472e72cf71faab207e2b8ef\", element=\"40222F23A6A6F2A17C8822D08C310E31_element_15\")>])\n +    where [<selenium.webdriver.remote.webelement.WebElement (session=\"c38ae97b3472e72cf71faab207e2b8ef\", element=\"40222F23A6A6F2A17C8822D08C310E31_element_15\")>] = <bound method WebDriver.find_elements of <selenium.webdriver.chrome.webdriver.WebDriver (session=\"c38ae97b3472e72cf71faab207e2b8ef\")>>('class name', 'added-manually')\n +      where <bound method WebDriver.find_elements of <selenium.webdriver.chrome.webdriver.WebDriver (session=\"c38ae97b3472e72cf71faab207e2b8ef\")>> = <selenium.webdriver.chrome.webdriver.WebDriver (session=\"c38ae97b3472e72cf71faab207e2b8ef\")>.find_elements\n +      and   'class name' = By.CLASS_NAME","time":{"start":1695735628778,"stop":1695735635069,"duration":6291}},{"uid":"c124b3f8340ae28d","status":"passed","time":{"start":1695735513676,"stop":1695735544035,"duration":30359}},{"uid":"bf14448a2489fa00","status":"passed","time":{"start":1695735246021,"stop":1695735250830,"duration":4809}},{"uid":"2ed1ece8f4377831","status":"broken","statusDetails":"selenium.common.exceptions.NoSuchWindowException: Message: no such window: target window already closed\nfrom unknown error: web view not found\n  (Session info: chrome=116.0.5845.187)\nStacktrace:\n0   chromedriver                        0x00000001010fa65c chromedriver + 4318812\n1   chromedriver                        0x00000001010f2d00 chromedriver + 4287744\n2   chromedriver                        0x0000000100d247ec chromedriver + 296940\n3   chromedriver                        0x0000000100cfc6e4 chromedriver + 132836\n4   chromedriver                        0x0000000100d87de4 chromedriver + 703972\n5   chromedriver                        0x0000000100d9a5b8 chromedriver + 779704\n6   chromedriver                        0x0000000100d56178 chromedriver + 500088\n7   chromedriver                        0x0000000100d56fc0 chromedriver + 503744\n8   chromedriver                        0x00000001010bac40 chromedriver + 4058176\n9   chromedriver                        0x00000001010bf160 chromedriver + 4075872\n10  chromedriver                        0x0000000101082e68 chromedriver + 3829352\n11  chromedriver                        0x00000001010bfc4c chromedriver + 4078668\n12  chromedriver                        0x0000000101097f08 chromedriver + 3915528\n13  chromedriver                        0x00000001010dc140 chromedriver + 4194624\n14  chromedriver                        0x00000001010dc2c4 chromedriver + 4195012\n15  chromedriver                        0x00000001010ec4d0 chromedriver + 4261072\n16  libsystem_pthread.dylib             0x00000001a539ffa8 _pthread_start + 148\n17  libsystem_pthread.dylib             0x00000001a539ada0 thread_start + 8","time":{"start":1695735190402,"stop":1695735241880,"duration":51478}},{"uid":"512ebb5a1933977f","status":"passed","time":{"start":1695735029514,"stop":1695735051013,"duration":21499}},{"uid":"423b60435cd0c785","status":"failed","statusDetails":"AssertionError: assert 'A/B Test' in 'The Internet'\n +  where 'The Internet' = <selenium.webdriver.chrome.webdriver.WebDriver (session=\"8cc5bc4616fa24e405d9e9ab9b309808\")>.title","time":{"start":1695734920419,"stop":1695734923360,"duration":2941}}],"categories":[{"name":"Test defects","matchedStatuses":[],"flaky":false}],"tags":[]},"source":"1dbf1768bf87922f.json","parameterValues":[]}