{"uid":"423b60435cd0c785","name":"Playground Scenario Test","fullName":"main#test_playground_scenario","historyId":"3adbab820130a1780cc55761aeeadbc3","time":{"start":1695734920419,"stop":1695734923360,"duration":2941},"status":"failed","statusMessage":"AssertionError: assert 'A/B Test' in 'The Internet'\n +  where 'The Internet' = <selenium.webdriver.chrome.webdriver.WebDriver (session=\"8cc5bc4616fa24e405d9e9ab9b309808\")>.title","statusTrace":"driver = <selenium.webdriver.chrome.webdriver.WebDriver (session=\"8cc5bc4616fa24e405d9e9ab9b309808\")>\n\n    @allure.title(\"Playground Scenario Test\")\n    def test_playground_scenario(driver):\n        # Open \"The Internet\" testing playground\n        driver.get(\"https://the-internet.herokuapp.com/\")\n    \n        # Step 1: Click on the 'A/B Testing' link\n        with allure.step(\"Step 1: Click on the 'A/B Testing' link\"):\n            driver.find_element(By.LINK_TEXT, \"A/B Testing\").click()\n    \n        # Step 2: Verify landing page (buggy)\n        with allure.step(\"Step 2: Verify landing page (buggy)\"):\n>           assert \"A/B Test\" in driver.title  # This should fail due to a bug\nE           assert 'A/B Test' in 'The Internet'\nE            +  where 'The Internet' = <selenium.webdriver.chrome.webdriver.WebDriver (session=\"8cc5bc4616fa24e405d9e9ab9b309808\")>.title\n\nmain.py:25: AssertionError","flaky":false,"newFailed":false,"newBroken":false,"newPassed":false,"retriesCount":0,"retriesStatusChange":false,"beforeStages":[{"name":"driver","time":{"start":1695734919033,"stop":1695734920415,"duration":1382},"status":"passed","steps":[],"attachments":[],"parameters":[],"shouldDisplayMessage":false,"attachmentsCount":0,"stepsCount":0,"hasContent":false}],"testStage":{"status":"failed","statusMessage":"AssertionError: assert 'A/B Test' in 'The Internet'\n +  where 'The Internet' = <selenium.webdriver.chrome.webdriver.WebDriver (session=\"8cc5bc4616fa24e405d9e9ab9b309808\")>.title","statusTrace":"driver = <selenium.webdriver.chrome.webdriver.WebDriver (session=\"8cc5bc4616fa24e405d9e9ab9b309808\")>\n\n    @allure.title(\"Playground Scenario Test\")\n    def test_playground_scenario(driver):\n        # Open \"The Internet\" testing playground\n        driver.get(\"https://the-internet.herokuapp.com/\")\n    \n        # Step 1: Click on the 'A/B Testing' link\n        with allure.step(\"Step 1: Click on the 'A/B Testing' link\"):\n            driver.find_element(By.LINK_TEXT, \"A/B Testing\").click()\n    \n        # Step 2: Verify landing page (buggy)\n        with allure.step(\"Step 2: Verify landing page (buggy)\"):\n>           assert \"A/B Test\" in driver.title  # This should fail due to a bug\nE           assert 'A/B Test' in 'The Internet'\nE            +  where 'The Internet' = <selenium.webdriver.chrome.webdriver.WebDriver (session=\"8cc5bc4616fa24e405d9e9ab9b309808\")>.title\n\nmain.py:25: AssertionError","steps":[{"name":"Step 1: Click on the 'A/B Testing' link","time":{"start":1695734922971,"stop":1695734923356,"duration":385},"status":"passed","steps":[],"attachments":[],"parameters":[],"shouldDisplayMessage":false,"attachmentsCount":0,"stepsCount":0,"hasContent":false},{"name":"Step 2: Verify landing page (buggy)","time":{"start":1695734923357,"stop":1695734923359,"duration":2},"status":"failed","statusMessage":"AssertionError: assert 'A/B Test' in 'The Internet'\n +  where 'The Internet' = <selenium.webdriver.chrome.webdriver.WebDriver (session=\"8cc5bc4616fa24e405d9e9ab9b309808\")>.title\n","statusTrace":"  File \"/Users/liza/PycharmProjects/example1/main.py\", line 25, in test_playground_scenario\n    assert \"A/B Test\" in driver.title  # This should fail due to a bug\n    ^^^^^^^^^^^^^^^^^^^^^^^^^^^^^^^^^\n","steps":[],"attachments":[],"parameters":[],"shouldDisplayMessage":true,"attachmentsCount":0,"stepsCount":0,"hasContent":true}],"attachments":[],"parameters":[],"shouldDisplayMessage":true,"attachmentsCount":0,"stepsCount":2,"hasContent":true},"afterStages":[{"name":"driver::0","time":{"start":1695734923386,"stop":1695734923462,"duration":76},"status":"passed","steps":[],"attachments":[],"parameters":[],"shouldDisplayMessage":false,"attachmentsCount":0,"stepsCount":0,"hasContent":false}],"labels":[{"name":"suite","value":"main"},{"name":"host","value":"ip-172-18-194-46.eu-central-1.compute.internal"},{"name":"thread","value":"65824-MainThread"},{"name":"framework","value":"pytest"},{"name":"language","value":"cpython3"},{"name":"package","value":"main"},{"name":"resultFormat","value":"allure2"}],"parameters":[],"links":[],"hidden":true,"retry":true,"extra":{"categories":[],"tags":[]},"source":"423b60435cd0c785.json","parameterValues":[]}