{"uid":"22587ed8264a8ddf","name":"Playground Scenario Test","fullName":"main#test_playground_scenario","historyId":"3adbab820130a1780cc55761aeeadbc3","time":{"start":1695735190402,"stop":1695735241880,"duration":51478},"status":"broken","statusMessage":"selenium.common.exceptions.NoSuchWindowException: Message: no such window: target window already closed\nfrom unknown error: web view not found\n  (Session info: chrome=116.0.5845.187)\nStacktrace:\n0   chromedriver                        0x00000001010fa65c chromedriver + 4318812\n1   chromedriver                        0x00000001010f2d00 chromedriver + 4287744\n2   chromedriver                        0x0000000100d247ec chromedriver + 296940\n3   chromedriver                        0x0000000100cfc6e4 chromedriver + 132836\n4   chromedriver                        0x0000000100d87de4 chromedriver + 703972\n5   chromedriver                        0x0000000100d9a5b8 chromedriver + 779704\n6   chromedriver                        0x0000000100d56178 chromedriver + 500088\n7   chromedriver                        0x0000000100d56fc0 chromedriver + 503744\n8   chromedriver                        0x00000001010bac40 chromedriver + 4058176\n9   chromedriver                        0x00000001010bf160 chromedriver + 4075872\n10  chromedriver                        0x0000000101082e68 chromedriver + 3829352\n11  chromedriver                        0x00000001010bfc4c chromedriver + 4078668\n12  chromedriver                        0x0000000101097f08 chromedriver + 3915528\n13  chromedriver                        0x00000001010dc140 chromedriver + 4194624\n14  chromedriver                        0x00000001010dc2c4 chromedriver + 4195012\n15  chromedriver                        0x00000001010ec4d0 chromedriver + 4261072\n16  libsystem_pthread.dylib             0x00000001a539ffa8 _pthread_start + 148\n17  libsystem_pthread.dylib             0x00000001a539ada0 thread_start + 8","statusTrace":"driver = <selenium.webdriver.chrome.webdriver.WebDriver (session=\"6d492103034f4cf35f8e7e0d7fca3f28\")>\n\n    @allure.title(\"Playground Scenario Test\")\n    def test_playground_scenario(driver):\n        # Open \"The Internet\" testing playground\n        driver.get(\"https://the-internet.herokuapp.com/\")\n    \n        # Step 1: Click on the 'A/B Testing' link\n        with allure.step(\"Step 1: Click on the 'A/B Testing' link\"):\n>           driver.find_element(By.LINK_TEXT, \"A/B Testing\").click()\n\nmain.py:21: \n_ _ _ _ _ _ _ _ _ _ _ _ _ _ _ _ _ _ _ _ _ _ _ _ _ _ _ _ _ _ _ _ _ _ _ _ _ _ _ _ _ _ _ _ _ _ _ _ _ _ _ _ _ _ _ _ _ _ _ _ _ _ _ _ _ _ _ _ _ _ _ _ _ _ _ _ _ _ _ _ _ _ _ _ _ _ _ _ _ _ _\nvenv/lib/python3.11/site-packages/selenium/webdriver/remote/webdriver.py:738: in find_element\n    return self.execute(Command.FIND_ELEMENT, {\"using\": by, \"value\": value})[\"value\"]\nvenv/lib/python3.11/site-packages/selenium/webdriver/remote/webdriver.py:344: in execute\n    self.error_handler.check_response(response)\n_ _ _ _ _ _ _ _ _ _ _ _ _ _ _ _ _ _ _ _ _ _ _ _ _ _ _ _ _ _ _ _ _ _ _ _ _ _ _ _ _ _ _ _ _ _ _ _ _ _ _ _ _ _ _ _ _ _ _ _ _ _ _ _ _ _ _ _ _ _ _ _ _ _ _ _ _ _ _ _ _ _ _ _ _ _ _ _ _ _ _\n\nself = <selenium.webdriver.remote.errorhandler.ErrorHandler object at 0x101fd6e10>\nresponse = {'status': 404, 'value': '{\"value\":{\"error\":\"no such window\",\"message\":\"no such window: target window already closed\\\\...0001a539ffa8 _pthread_start + 148\\\\n17  libsystem_pthread.dylib             0x00000001a539ada0 thread_start + 8\\\\n\"}}'}\n\n    def check_response(self, response: Dict[str, Any]) -> None:\n        \"\"\"Checks that a JSON response from the WebDriver does not have an\n        error.\n    \n        :Args:\n         - response - The JSON response from the WebDriver server as a dictionary\n           object.\n    \n        :Raises: If the response contains an error message.\n        \"\"\"\n        status = response.get(\"status\", None)\n        if not status or status == ErrorCode.SUCCESS:\n            return\n        value = None\n        message = response.get(\"message\", \"\")\n        screen: str = response.get(\"screen\", \"\")\n        stacktrace = None\n        if isinstance(status, int):\n            value_json = response.get(\"value\", None)\n            if value_json and isinstance(value_json, str):\n                import json\n    \n                try:\n                    value = json.loads(value_json)\n                    if len(value) == 1:\n                        value = value[\"value\"]\n                    status = value.get(\"error\", None)\n                    if not status:\n                        status = value.get(\"status\", ErrorCode.UNKNOWN_ERROR)\n                        message = value.get(\"value\") or value.get(\"message\")\n                        if not isinstance(message, str):\n                            value = message\n                            message = message.get(\"message\")\n                    else:\n                        message = value.get(\"message\", None)\n                except ValueError:\n                    pass\n    \n        exception_class: Type[WebDriverException]\n        e = ErrorCode()\n        error_codes = [item for item in dir(e) if not item.startswith(\"__\")]\n        for error_code in error_codes:\n            error_info = getattr(ErrorCode, error_code)\n            if isinstance(error_info, list) and status in error_info:\n                exception_class = getattr(ExceptionMapping, error_code, WebDriverException)\n                break\n        else:\n            exception_class = WebDriverException\n    \n        if not value:\n            value = response[\"value\"]\n        if isinstance(value, str):\n            raise exception_class(value)\n        if message == \"\" and \"message\" in value:\n            message = value[\"message\"]\n    \n        screen = None  # type: ignore[assignment]\n        if \"screen\" in value:\n            screen = value[\"screen\"]\n    \n        stacktrace = None\n        st_value = value.get(\"stackTrace\") or value.get(\"stacktrace\")\n        if st_value:\n            if isinstance(st_value, str):\n                stacktrace = st_value.split(\"\\n\")\n            else:\n                stacktrace = []\n                try:\n                    for frame in st_value:\n                        line = frame.get(\"lineNumber\", \"\")\n                        file = frame.get(\"fileName\", \"<anonymous>\")\n                        if line:\n                            file = f\"{file}:{line}\"\n                        meth = frame.get(\"methodName\", \"<anonymous>\")\n                        if \"className\" in frame:\n                            meth = f\"{frame['className']}.{meth}\"\n                        msg = \"    at %s (%s)\"\n                        msg = msg % (meth, file)\n                        stacktrace.append(msg)\n                except TypeError:\n                    pass\n        if exception_class == UnexpectedAlertPresentException:\n            alert_text = None\n            if \"data\" in value:\n                alert_text = value[\"data\"].get(\"text\")\n            elif \"alert\" in value:\n                alert_text = value[\"alert\"].get(\"text\")\n            raise exception_class(message, screen, stacktrace, alert_text)  # type: ignore[call-arg]  # mypy is not smart enough here\n>       raise exception_class(message, screen, stacktrace)\nE       selenium.common.exceptions.NoSuchWindowException: Message: no such window: target window already closed\nE       from unknown error: web view not found\nE         (Session info: chrome=116.0.5845.187)\nE       Stacktrace:\nE       0   chromedriver                        0x00000001010fa65c chromedriver + 4318812\nE       1   chromedriver                        0x00000001010f2d00 chromedriver + 4287744\nE       2   chromedriver                        0x0000000100d247ec chromedriver + 296940\nE       3   chromedriver                        0x0000000100cfc6e4 chromedriver + 132836\nE       4   chromedriver                        0x0000000100d87de4 chromedriver + 703972\nE       5   chromedriver                        0x0000000100d9a5b8 chromedriver + 779704\nE       6   chromedriver                        0x0000000100d56178 chromedriver + 500088\nE       7   chromedriver                        0x0000000100d56fc0 chromedriver + 503744\nE       8   chromedriver                        0x00000001010bac40 chromedriver + 4058176\nE       9   chromedriver                        0x00000001010bf160 chromedriver + 4075872\nE       10  chromedriver                        0x0000000101082e68 chromedriver + 3829352\nE       11  chromedriver                        0x00000001010bfc4c chromedriver + 4078668\nE       12  chromedriver                        0x0000000101097f08 chromedriver + 3915528\nE       13  chromedriver                        0x00000001010dc140 chromedriver + 4194624\nE       14  chromedriver                        0x00000001010dc2c4 chromedriver + 4195012\nE       15  chromedriver                        0x00000001010ec4d0 chromedriver + 4261072\nE       16  libsystem_pthread.dylib             0x00000001a539ffa8 _pthread_start + 148\nE       17  libsystem_pthread.dylib             0x00000001a539ada0 thread_start + 8\n\nvenv/lib/python3.11/site-packages/selenium/webdriver/remote/errorhandler.py:229: NoSuchWindowException","flaky":false,"newFailed":false,"newBroken":false,"newPassed":false,"retriesCount":0,"retriesStatusChange":false,"beforeStages":[{"name":"driver","time":{"start":1695735188648,"stop":1695735190401,"duration":1753},"status":"passed","steps":[],"attachments":[],"parameters":[],"stepsCount":0,"hasContent":false,"shouldDisplayMessage":false,"attachmentsCount":0}],"testStage":{"status":"broken","statusMessage":"selenium.common.exceptions.NoSuchWindowException: Message: no such window: target window already closed\nfrom unknown error: web view not found\n  (Session info: chrome=116.0.5845.187)\nStacktrace:\n0   chromedriver                        0x00000001010fa65c chromedriver + 4318812\n1   chromedriver                        0x00000001010f2d00 chromedriver + 4287744\n2   chromedriver                        0x0000000100d247ec chromedriver + 296940\n3   chromedriver                        0x0000000100cfc6e4 chromedriver + 132836\n4   chromedriver                        0x0000000100d87de4 chromedriver + 703972\n5   chromedriver                        0x0000000100d9a5b8 chromedriver + 779704\n6   chromedriver                        0x0000000100d56178 chromedriver + 500088\n7   chromedriver                        0x0000000100d56fc0 chromedriver + 503744\n8   chromedriver                        0x00000001010bac40 chromedriver + 4058176\n9   chromedriver                        0x00000001010bf160 chromedriver + 4075872\n10  chromedriver                        0x0000000101082e68 chromedriver + 3829352\n11  chromedriver                        0x00000001010bfc4c chromedriver + 4078668\n12  chromedriver                        0x0000000101097f08 chromedriver + 3915528\n13  chromedriver                        0x00000001010dc140 chromedriver + 4194624\n14  chromedriver                        0x00000001010dc2c4 chromedriver + 4195012\n15  chromedriver                        0x00000001010ec4d0 chromedriver + 4261072\n16  libsystem_pthread.dylib             0x00000001a539ffa8 _pthread_start + 148\n17  libsystem_pthread.dylib             0x00000001a539ada0 thread_start + 8","statusTrace":"driver = <selenium.webdriver.chrome.webdriver.WebDriver (session=\"6d492103034f4cf35f8e7e0d7fca3f28\")>\n\n    @allure.title(\"Playground Scenario Test\")\n    def test_playground_scenario(driver):\n        # Open \"The Internet\" testing playground\n        driver.get(\"https://the-internet.herokuapp.com/\")\n    \n        # Step 1: Click on the 'A/B Testing' link\n        with allure.step(\"Step 1: Click on the 'A/B Testing' link\"):\n>           driver.find_element(By.LINK_TEXT, \"A/B Testing\").click()\n\nmain.py:21: \n_ _ _ _ _ _ _ _ _ _ _ _ _ _ _ _ _ _ _ _ _ _ _ _ _ _ _ _ _ _ _ _ _ _ _ _ _ _ _ _ _ _ _ _ _ _ _ _ _ _ _ _ _ _ _ _ _ _ _ _ _ _ _ _ _ _ _ _ _ _ _ _ _ _ _ _ _ _ _ _ _ _ _ _ _ _ _ _ _ _ _\nvenv/lib/python3.11/site-packages/selenium/webdriver/remote/webdriver.py:738: in find_element\n    return self.execute(Command.FIND_ELEMENT, {\"using\": by, \"value\": value})[\"value\"]\nvenv/lib/python3.11/site-packages/selenium/webdriver/remote/webdriver.py:344: in execute\n    self.error_handler.check_response(response)\n_ _ _ _ _ _ _ _ _ _ _ _ _ _ _ _ _ _ _ _ _ _ _ _ _ _ _ _ _ _ _ _ _ _ _ _ _ _ _ _ _ _ _ _ _ _ _ _ _ _ _ _ _ _ _ _ _ _ _ _ _ _ _ _ _ _ _ _ _ _ _ _ _ _ _ _ _ _ _ _ _ _ _ _ _ _ _ _ _ _ _\n\nself = <selenium.webdriver.remote.errorhandler.ErrorHandler object at 0x101fd6e10>\nresponse = {'status': 404, 'value': '{\"value\":{\"error\":\"no such window\",\"message\":\"no such window: target window already closed\\\\...0001a539ffa8 _pthread_start + 148\\\\n17  libsystem_pthread.dylib             0x00000001a539ada0 thread_start + 8\\\\n\"}}'}\n\n    def check_response(self, response: Dict[str, Any]) -> None:\n        \"\"\"Checks that a JSON response from the WebDriver does not have an\n        error.\n    \n        :Args:\n         - response - The JSON response from the WebDriver server as a dictionary\n           object.\n    \n        :Raises: If the response contains an error message.\n        \"\"\"\n        status = response.get(\"status\", None)\n        if not status or status == ErrorCode.SUCCESS:\n            return\n        value = None\n        message = response.get(\"message\", \"\")\n        screen: str = response.get(\"screen\", \"\")\n        stacktrace = None\n        if isinstance(status, int):\n            value_json = response.get(\"value\", None)\n            if value_json and isinstance(value_json, str):\n                import json\n    \n                try:\n                    value = json.loads(value_json)\n                    if len(value) == 1:\n                        value = value[\"value\"]\n                    status = value.get(\"error\", None)\n                    if not status:\n                        status = value.get(\"status\", ErrorCode.UNKNOWN_ERROR)\n                        message = value.get(\"value\") or value.get(\"message\")\n                        if not isinstance(message, str):\n                            value = message\n                            message = message.get(\"message\")\n                    else:\n                        message = value.get(\"message\", None)\n                except ValueError:\n                    pass\n    \n        exception_class: Type[WebDriverException]\n        e = ErrorCode()\n        error_codes = [item for item in dir(e) if not item.startswith(\"__\")]\n        for error_code in error_codes:\n            error_info = getattr(ErrorCode, error_code)\n            if isinstance(error_info, list) and status in error_info:\n                exception_class = getattr(ExceptionMapping, error_code, WebDriverException)\n                break\n        else:\n            exception_class = WebDriverException\n    \n        if not value:\n            value = response[\"value\"]\n        if isinstance(value, str):\n            raise exception_class(value)\n        if message == \"\" and \"message\" in value:\n            message = value[\"message\"]\n    \n        screen = None  # type: ignore[assignment]\n        if \"screen\" in value:\n            screen = value[\"screen\"]\n    \n        stacktrace = None\n        st_value = value.get(\"stackTrace\") or value.get(\"stacktrace\")\n        if st_value:\n            if isinstance(st_value, str):\n                stacktrace = st_value.split(\"\\n\")\n            else:\n                stacktrace = []\n                try:\n                    for frame in st_value:\n                        line = frame.get(\"lineNumber\", \"\")\n                        file = frame.get(\"fileName\", \"<anonymous>\")\n                        if line:\n                            file = f\"{file}:{line}\"\n                        meth = frame.get(\"methodName\", \"<anonymous>\")\n                        if \"className\" in frame:\n                            meth = f\"{frame['className']}.{meth}\"\n                        msg = \"    at %s (%s)\"\n                        msg = msg % (meth, file)\n                        stacktrace.append(msg)\n                except TypeError:\n                    pass\n        if exception_class == UnexpectedAlertPresentException:\n            alert_text = None\n            if \"data\" in value:\n                alert_text = value[\"data\"].get(\"text\")\n            elif \"alert\" in value:\n                alert_text = value[\"alert\"].get(\"text\")\n            raise exception_class(message, screen, stacktrace, alert_text)  # type: ignore[call-arg]  # mypy is not smart enough here\n>       raise exception_class(message, screen, stacktrace)\nE       selenium.common.exceptions.NoSuchWindowException: Message: no such window: target window already closed\nE       from unknown error: web view not found\nE         (Session info: chrome=116.0.5845.187)\nE       Stacktrace:\nE       0   chromedriver                        0x00000001010fa65c chromedriver + 4318812\nE       1   chromedriver                        0x00000001010f2d00 chromedriver + 4287744\nE       2   chromedriver                        0x0000000100d247ec chromedriver + 296940\nE       3   chromedriver                        0x0000000100cfc6e4 chromedriver + 132836\nE       4   chromedriver                        0x0000000100d87de4 chromedriver + 703972\nE       5   chromedriver                        0x0000000100d9a5b8 chromedriver + 779704\nE       6   chromedriver                        0x0000000100d56178 chromedriver + 500088\nE       7   chromedriver                        0x0000000100d56fc0 chromedriver + 503744\nE       8   chromedriver                        0x00000001010bac40 chromedriver + 4058176\nE       9   chromedriver                        0x00000001010bf160 chromedriver + 4075872\nE       10  chromedriver                        0x0000000101082e68 chromedriver + 3829352\nE       11  chromedriver                        0x00000001010bfc4c chromedriver + 4078668\nE       12  chromedriver                        0x0000000101097f08 chromedriver + 3915528\nE       13  chromedriver                        0x00000001010dc140 chromedriver + 4194624\nE       14  chromedriver                        0x00000001010dc2c4 chromedriver + 4195012\nE       15  chromedriver                        0x00000001010ec4d0 chromedriver + 4261072\nE       16  libsystem_pthread.dylib             0x00000001a539ffa8 _pthread_start + 148\nE       17  libsystem_pthread.dylib             0x00000001a539ada0 thread_start + 8\n\nvenv/lib/python3.11/site-packages/selenium/webdriver/remote/errorhandler.py:229: NoSuchWindowException","steps":[{"name":"Step 1: Click on the 'A/B Testing' link","time":{"start":1695735241876,"stop":1695735241878,"duration":2},"status":"broken","statusMessage":"selenium.common.exceptions.NoSuchWindowException: Message: no such window: target window already closed\nfrom unknown error: web view not found\n  (Session info: chrome=116.0.5845.187)\nStacktrace:\n0   chromedriver                        0x00000001010fa65c chromedriver + 4318812\n1   chromedriver                        0x00000001010f2d00 chromedriver + 4287744\n2   chromedriver                        0x0000000100d247ec chromedriver + 296940\n3   chromedriver                        0x0000000100cfc6e4 chromedriver + 132836\n4   chromedriver                        0x0000000100d87de4 chromedriver + 703972\n5   chromedriver                        0x0000000100d9a5b8 chromedriver + 779704\n6   chromedriver                        0x0000000100d56178 chromedriver + 500088\n7   chromedriver                        0x0000000100d56fc0 chromedriver + 503744\n8   chromedriver                        0x00000001010bac40 chromedriver + 4058176\n9   chromedriver                        0x00000001010bf160 chromedriver + 4075872\n10  chromedriver                        0x0000000101082e68 chromedriver + 3829352\n11  chromedriver                        0x00000001010bfc4c chromedriver + 4078668\n12  chromedriver                        0x0000000101097f08 chromedriver + 3915528\n13  chromedriver                        0x00000001010dc140 chromedriver + 4194624\n14  chromedriver                        0x00000001010dc2c4 chromedriver + 4195012\n15  chromedriver                        0x00000001010ec4d0 chromedriver + 4261072\n16  libsystem_pthread.dylib             0x00000001a539ffa8 _pthread_start + 148\n17  libsystem_pthread.dylib             0x00000001a539ada0 thread_start + 8\n\n","statusTrace":"  File \"/Users/liza/PycharmProjects/example1/main.py\", line 21, in test_playground_scenario\n    driver.find_element(By.LINK_TEXT, \"A/B Testing\").click()\n    ^^^^^^^^^^^^^^^^^^^^^^^^^^^^^^^^^^^^^^^^^^^^^^^^\n  File \"/Users/liza/PycharmProjects/example1/venv/lib/python3.11/site-packages/selenium/webdriver/remote/webdriver.py\", line 738, in find_element\n    return self.execute(Command.FIND_ELEMENT, {\"using\": by, \"value\": value})[\"value\"]\n           ^^^^^^^^^^^^^^^^^^^^^^^^^^^^^^^^^^^^^^^^^^^^^^^^^^^^^^^^^^^^^^^^^\n  File \"/Users/liza/PycharmProjects/example1/venv/lib/python3.11/site-packages/selenium/webdriver/remote/webdriver.py\", line 344, in execute\n    self.error_handler.check_response(response)\n  File \"/Users/liza/PycharmProjects/example1/venv/lib/python3.11/site-packages/selenium/webdriver/remote/errorhandler.py\", line 229, in check_response\n    raise exception_class(message, screen, stacktrace)\n","steps":[],"attachments":[],"parameters":[],"stepsCount":0,"hasContent":true,"shouldDisplayMessage":true,"attachmentsCount":0}],"attachments":[],"parameters":[],"stepsCount":1,"hasContent":true,"shouldDisplayMessage":true,"attachmentsCount":0},"afterStages":[{"name":"driver::0","time":{"start":1695735241910,"stop":1695735241989,"duration":79},"status":"passed","steps":[],"attachments":[],"parameters":[],"stepsCount":0,"hasContent":false,"shouldDisplayMessage":false,"attachmentsCount":0}],"labels":[{"name":"suite","value":"main"},{"name":"host","value":"ip-172-18-194-46.eu-central-1.compute.internal"},{"name":"thread","value":"66164-MainThread"},{"name":"framework","value":"pytest"},{"name":"language","value":"cpython3"},{"name":"package","value":"main"},{"name":"resultFormat","value":"allure2"}],"parameters":[],"links":[],"hidden":true,"retry":true,"extra":{"categories":[],"tags":[]},"source":"22587ed8264a8ddf.json","parameterValues":[]}