{"uid":"67afd9d0cdba63fb","name":"Playground Scenario Test","fullName":"main#test_playground_scenario","historyId":"3adbab820130a1780cc55761aeeadbc3","time":{"start":1695828359049,"stop":1695828361002,"duration":1953},"status":"failed","statusMessage":"AssertionError: assert 'A/B Testing' in 'The Internet'\n +  where 'The Internet' = <selenium.webdriver.chrome.webdriver.WebDriver (session=\"dcba5b06cd5701dab73ddc6a9ac1a4e0\")>.title","statusTrace":"driver = <selenium.webdriver.chrome.webdriver.WebDriver (session=\"dcba5b06cd5701dab73ddc6a9ac1a4e0\")>\n\n    @allure.title(\"Playground Scenario Test\")\n    def test_playground_scenario(driver):\n        # Open \"The Internet\" testing playground\n        driver.get(\"https://the-internet.herokuapp.com/\")\n    \n        # Step 1: Click on the 'A/B Testing' link\n        with allure.step(\"Step 1: Click on the 'A/B Testing' link\"):\n            driver.find_element(By.LINK_TEXT, \"A/B Testing\").click()\n    \n        # Step 2: Verify landing page (buggy)\n        with allure.step(\"Step 2: Verify page title\"):\n>           assert \"A/B Testing\" in driver.title  # This should fail due to a bug\nE           assert 'A/B Testing' in 'The Internet'\nE            +  where 'The Internet' = <selenium.webdriver.chrome.webdriver.WebDriver (session=\"dcba5b06cd5701dab73ddc6a9ac1a4e0\")>.title\n\nmain.py:25: AssertionError","flaky":false,"newFailed":false,"newBroken":false,"newPassed":false,"retriesCount":0,"retriesStatusChange":false,"beforeStages":[{"name":"driver","time":{"start":1695828356732,"stop":1695828359044,"duration":2312},"status":"passed","steps":[],"attachments":[],"parameters":[],"stepsCount":0,"hasContent":false,"shouldDisplayMessage":false,"attachmentsCount":0}],"testStage":{"status":"failed","statusMessage":"AssertionError: assert 'A/B Testing' in 'The Internet'\n +  where 'The Internet' = <selenium.webdriver.chrome.webdriver.WebDriver (session=\"dcba5b06cd5701dab73ddc6a9ac1a4e0\")>.title","statusTrace":"driver = <selenium.webdriver.chrome.webdriver.WebDriver (session=\"dcba5b06cd5701dab73ddc6a9ac1a4e0\")>\n\n    @allure.title(\"Playground Scenario Test\")\n    def test_playground_scenario(driver):\n        # Open \"The Internet\" testing playground\n        driver.get(\"https://the-internet.herokuapp.com/\")\n    \n        # Step 1: Click on the 'A/B Testing' link\n        with allure.step(\"Step 1: Click on the 'A/B Testing' link\"):\n            driver.find_element(By.LINK_TEXT, \"A/B Testing\").click()\n    \n        # Step 2: Verify landing page (buggy)\n        with allure.step(\"Step 2: Verify page title\"):\n>           assert \"A/B Testing\" in driver.title  # This should fail due to a bug\nE           assert 'A/B Testing' in 'The Internet'\nE            +  where 'The Internet' = <selenium.webdriver.chrome.webdriver.WebDriver (session=\"dcba5b06cd5701dab73ddc6a9ac1a4e0\")>.title\n\nmain.py:25: AssertionError","steps":[{"name":"Step 1: Click on the 'A/B Testing' link","time":{"start":1695828360805,"stop":1695828360996,"duration":191},"status":"passed","steps":[],"attachments":[],"parameters":[],"stepsCount":0,"hasContent":false,"shouldDisplayMessage":false,"attachmentsCount":0},{"name":"Step 2: Verify page title","time":{"start":1695828360996,"stop":1695828360998,"duration":2},"status":"failed","statusMessage":"AssertionError: assert 'A/B Testing' in 'The Internet'\n +  where 'The Internet' = <selenium.webdriver.chrome.webdriver.WebDriver (session=\"dcba5b06cd5701dab73ddc6a9ac1a4e0\")>.title\n","statusTrace":"  File \"/Users/liza/PycharmProjects/example2/main.py\", line 25, in test_playground_scenario\n    assert \"A/B Testing\" in driver.title  # This should fail due to a bug\n    ^^^^^^^^^^^^^^^^^^^^^^^^^^^^^^^^^^^^\n","steps":[],"attachments":[],"parameters":[],"stepsCount":0,"hasContent":true,"shouldDisplayMessage":true,"attachmentsCount":0}],"attachments":[],"parameters":[],"stepsCount":2,"hasContent":true,"shouldDisplayMessage":true,"attachmentsCount":0},"afterStages":[{"name":"driver::0","time":{"start":1695828361026,"stop":1695828361106,"duration":80},"status":"passed","steps":[],"attachments":[],"parameters":[],"stepsCount":0,"hasContent":false,"shouldDisplayMessage":false,"attachmentsCount":0}],"labels":[{"name":"suite","value":"main"},{"name":"host","value":"ip-172-16-4-172.eu-central-1.compute.internal"},{"name":"thread","value":"79804-MainThread"},{"name":"framework","value":"pytest"},{"name":"language","value":"cpython3"},{"name":"package","value":"main"},{"name":"resultFormat","value":"allure2"}],"parameters":[],"links":[],"hidden":true,"retry":true,"extra":{"categories":[],"tags":[]},"source":"67afd9d0cdba63fb.json","parameterValues":[]}