{"uid":"7f10a997f7dd8d1e","name":"Playground Scenario Test","fullName":"main#test_playground_scenario","historyId":"3adbab820130a1780cc55761aeeadbc3","time":{"start":1695829578657,"stop":1695829580853,"duration":2196},"status":"failed","statusMessage":"AssertionError: Expected quantity in the cart: 1, Actual: 0\nassert 0 == 1\n +  where 0 = len([])\n +    where [] = <bound method WebDriver.find_elements of <selenium.webdriver.chrome.webdriver.WebDriver (session=\"55ccb94fe84d2db98501074b92f68e56\")>>('class name', 'added-manually')\n +      where <bound method WebDriver.find_elements of <selenium.webdriver.chrome.webdriver.WebDriver (session=\"55ccb94fe84d2db98501074b92f68e56\")>> = <selenium.webdriver.chrome.webdriver.WebDriver (session=\"55ccb94fe84d2db98501074b92f68e56\")>.find_elements\n +      and   'class name' = By.CLASS_NAME","statusTrace":"driver = <selenium.webdriver.chrome.webdriver.WebDriver (session=\"55ccb94fe84d2db98501074b92f68e56\")>\n\n    @allure.title(\"Playground Scenario Test\")\n    def test_playground_scenario(driver):\n        # Open \"The Internet\" testing playground\n        driver.get(\"https://the-internet.herokuapp.com/\")\n    \n        # Step 1: Click on the 'A/B Testing' link\n        with allure.step(\"Step 1: Click on the 'A/B Testing' link\"):\n            driver.find_element(By.LINK_TEXT, \"A/B Testing\").click()\n    \n        # Step 2: Verify landing page (buggy)\n        with allure.step(\"Step 2: Verify page title\"):\n            assert \"The Internet\" == driver.title  # This should fail due to a bug\n    \n        # Step 3: Navigate back to the home page\n        with allure.step(\"Step 3: Navigate back to the home page\"):\n            driver.back()\n    \n        # Step 4: Click on the 'Add/Remove Elements' link\n        with allure.step(\"Step 4: Click on the 'Add/Remove Elements' link\"):\n            driver.find_element(By.LINK_TEXT, \"Add/Remove Elements\").click()\n    \n        # Step 5: Click 'Add Element' button\n        with allure.step(\"Step 5: Click 'Add Element' button\"):\n            driver.find_element(By.CSS_SELECTOR, \"button[onclick='addElement()']\").click()\n    \n        # Step 6: Verify element added\n        with allure.step(\"Step 6: Verify element added\"):\n            assert len(driver.find_elements(By.CLASS_NAME, \"added-manually\")) == 1  # This should fail due to a bug\n    \n        # Step 7: Click 'Delete' button\n        with allure.step(\"Step 7: Click 'Delete' button\"):\n            delete_button = driver.find_element(By.CLASS_NAME, \"added-manually\")\n            delete_button.find_element(By.XPATH, \"..\").find_element(By.XPATH, \"./button[text()='Delete']\").click()\n    \n        # Step 8: Verify element deleted\n        with allure.step(\"Step 8: Verify element deleted\"):\n>           assert len(driver.find_elements(By.CLASS_NAME, \"added-manually\")) == 1, \"Expected quantity in the cart: 1, Actual: 0\"\nE           AssertionError: Expected quantity in the cart: 1, Actual: 0\nE           assert 0 == 1\nE            +  where 0 = len([])\nE            +    where [] = <bound method WebDriver.find_elements of <selenium.webdriver.chrome.webdriver.WebDriver (session=\"55ccb94fe84d2db98501074b92f68e56\")>>('class name', 'added-manually')\nE            +      where <bound method WebDriver.find_elements of <selenium.webdriver.chrome.webdriver.WebDriver (session=\"55ccb94fe84d2db98501074b92f68e56\")>> = <selenium.webdriver.chrome.webdriver.WebDriver (session=\"55ccb94fe84d2db98501074b92f68e56\")>.find_elements\nE            +      and   'class name' = By.CLASS_NAME\n\nmain.py:50: AssertionError","flaky":false,"newFailed":false,"newBroken":false,"newPassed":false,"retriesCount":9,"retriesStatusChange":true,"beforeStages":[{"name":"driver","time":{"start":1695829577468,"stop":1695829578650,"duration":1182},"status":"passed","steps":[],"attachments":[],"parameters":[],"stepsCount":0,"hasContent":false,"shouldDisplayMessage":false,"attachmentsCount":0}],"testStage":{"status":"failed","statusMessage":"AssertionError: Expected quantity in the cart: 1, Actual: 0\nassert 0 == 1\n +  where 0 = len([])\n +    where [] = <bound method WebDriver.find_elements of <selenium.webdriver.chrome.webdriver.WebDriver (session=\"55ccb94fe84d2db98501074b92f68e56\")>>('class name', 'added-manually')\n +      where <bound method WebDriver.find_elements of <selenium.webdriver.chrome.webdriver.WebDriver (session=\"55ccb94fe84d2db98501074b92f68e56\")>> = <selenium.webdriver.chrome.webdriver.WebDriver (session=\"55ccb94fe84d2db98501074b92f68e56\")>.find_elements\n +      and   'class name' = By.CLASS_NAME","statusTrace":"driver = <selenium.webdriver.chrome.webdriver.WebDriver (session=\"55ccb94fe84d2db98501074b92f68e56\")>\n\n    @allure.title(\"Playground Scenario Test\")\n    def test_playground_scenario(driver):\n        # Open \"The Internet\" testing playground\n        driver.get(\"https://the-internet.herokuapp.com/\")\n    \n        # Step 1: Click on the 'A/B Testing' link\n        with allure.step(\"Step 1: Click on the 'A/B Testing' link\"):\n            driver.find_element(By.LINK_TEXT, \"A/B Testing\").click()\n    \n        # Step 2: Verify landing page (buggy)\n        with allure.step(\"Step 2: Verify page title\"):\n            assert \"The Internet\" == driver.title  # This should fail due to a bug\n    \n        # Step 3: Navigate back to the home page\n        with allure.step(\"Step 3: Navigate back to the home page\"):\n            driver.back()\n    \n        # Step 4: Click on the 'Add/Remove Elements' link\n        with allure.step(\"Step 4: Click on the 'Add/Remove Elements' link\"):\n            driver.find_element(By.LINK_TEXT, \"Add/Remove Elements\").click()\n    \n        # Step 5: Click 'Add Element' button\n        with allure.step(\"Step 5: Click 'Add Element' button\"):\n            driver.find_element(By.CSS_SELECTOR, \"button[onclick='addElement()']\").click()\n    \n        # Step 6: Verify element added\n        with allure.step(\"Step 6: Verify element added\"):\n            assert len(driver.find_elements(By.CLASS_NAME, \"added-manually\")) == 1  # This should fail due to a bug\n    \n        # Step 7: Click 'Delete' button\n        with allure.step(\"Step 7: Click 'Delete' button\"):\n            delete_button = driver.find_element(By.CLASS_NAME, \"added-manually\")\n            delete_button.find_element(By.XPATH, \"..\").find_element(By.XPATH, \"./button[text()='Delete']\").click()\n    \n        # Step 8: Verify element deleted\n        with allure.step(\"Step 8: Verify element deleted\"):\n>           assert len(driver.find_elements(By.CLASS_NAME, \"added-manually\")) == 1, \"Expected quantity in the cart: 1, Actual: 0\"\nE           AssertionError: Expected quantity in the cart: 1, Actual: 0\nE           assert 0 == 1\nE            +  where 0 = len([])\nE            +    where [] = <bound method WebDriver.find_elements of <selenium.webdriver.chrome.webdriver.WebDriver (session=\"55ccb94fe84d2db98501074b92f68e56\")>>('class name', 'added-manually')\nE            +      where <bound method WebDriver.find_elements of <selenium.webdriver.chrome.webdriver.WebDriver (session=\"55ccb94fe84d2db98501074b92f68e56\")>> = <selenium.webdriver.chrome.webdriver.WebDriver (session=\"55ccb94fe84d2db98501074b92f68e56\")>.find_elements\nE            +      and   'class name' = By.CLASS_NAME\n\nmain.py:50: AssertionError","steps":[{"name":"Step 1: Click on the 'A/B Testing' link","time":{"start":1695829580424,"stop":1695829580615,"duration":191},"status":"passed","steps":[],"attachments":[],"parameters":[],"stepsCount":0,"hasContent":false,"shouldDisplayMessage":false,"attachmentsCount":0},{"name":"Step 2: Verify page title","time":{"start":1695829580615,"stop":1695829580618,"duration":3},"status":"passed","steps":[],"attachments":[],"parameters":[],"stepsCount":0,"hasContent":false,"shouldDisplayMessage":false,"attachmentsCount":0},{"name":"Step 3: Navigate back to the home page","time":{"start":1695829580618,"stop":1695829580624,"duration":6},"status":"passed","steps":[],"attachments":[],"parameters":[],"stepsCount":0,"hasContent":false,"shouldDisplayMessage":false,"attachmentsCount":0},{"name":"Step 4: Click on the 'Add/Remove Elements' link","time":{"start":1695829580624,"stop":1695829580791,"duration":167},"status":"passed","steps":[],"attachments":[],"parameters":[],"stepsCount":0,"hasContent":false,"shouldDisplayMessage":false,"attachmentsCount":0},{"name":"Step 5: Click 'Add Element' button","time":{"start":1695829580791,"stop":1695829580818,"duration":27},"status":"passed","steps":[],"attachments":[],"parameters":[],"stepsCount":0,"hasContent":false,"shouldDisplayMessage":false,"attachmentsCount":0},{"name":"Step 6: Verify element added","time":{"start":1695829580818,"stop":1695829580823,"duration":5},"status":"passed","steps":[],"attachments":[],"parameters":[],"stepsCount":0,"hasContent":false,"shouldDisplayMessage":false,"attachmentsCount":0},{"name":"Step 7: Click 'Delete' button","time":{"start":1695829580823,"stop":1695829580849,"duration":26},"status":"passed","steps":[],"attachments":[],"parameters":[],"stepsCount":0,"hasContent":false,"shouldDisplayMessage":false,"attachmentsCount":0},{"name":"Step 8: Verify element deleted","time":{"start":1695829580849,"stop":1695829580852,"duration":3},"status":"failed","statusMessage":"AssertionError: Expected quantity in the cart: 1, Actual: 0\nassert 0 == 1\n +  where 0 = len([])\n +    where [] = <bound method WebDriver.find_elements of <selenium.webdriver.chrome.webdriver.WebDriver (session=\"55ccb94fe84d2db98501074b92f68e56\")>>('class name', 'added-manually')\n +      where <bound method WebDriver.find_elements of <selenium.webdriver.chrome.webdriver.WebDriver (session=\"55ccb94fe84d2db98501074b92f68e56\")>> = <selenium.webdriver.chrome.webdriver.WebDriver (session=\"55ccb94fe84d2db98501074b92f68e56\")>.find_elements\n +      and   'class name' = By.CLASS_NAME\n","statusTrace":"  File \"/Users/liza/PycharmProjects/example2/main.py\", line 50, in test_playground_scenario\n    assert len(driver.find_elements(By.CLASS_NAME, \"added-manually\")) == 1, \"Expected quantity in the cart: 1, Actual: 0\"\n","steps":[],"attachments":[],"parameters":[],"stepsCount":0,"hasContent":true,"shouldDisplayMessage":true,"attachmentsCount":0}],"attachments":[],"parameters":[],"stepsCount":8,"hasContent":true,"shouldDisplayMessage":true,"attachmentsCount":0},"afterStages":[{"name":"driver::0","time":{"start":1695829580874,"stop":1695829580949,"duration":75},"status":"passed","steps":[],"attachments":[],"parameters":[],"stepsCount":0,"hasContent":false,"shouldDisplayMessage":false,"attachmentsCount":0}],"labels":[{"name":"suite","value":"main"},{"name":"host","value":"ip-172-16-4-172.eu-central-1.compute.internal"},{"name":"thread","value":"80717-MainThread"},{"name":"framework","value":"pytest"},{"name":"language","value":"cpython3"},{"name":"package","value":"main"},{"name":"resultFormat","value":"allure2"}],"parameters":[],"links":[],"hidden":false,"retry":false,"extra":{"severity":"normal","retries":[{"uid":"c5a7df5684ca810f","status":"failed","statusDetails":"AssertionError: Expected quantity in the chart: 1, Actual: 0\nassert 0 == 1\n +  where 0 = len([])\n +    where [] = <bound method WebDriver.find_elements of <selenium.webdriver.chrome.webdriver.WebDriver (session=\"bc85c6db809ab09f6fe0595c6369429c\")>>('class name', 'added-manually')\n +      where <bound method WebDriver.find_elements of <selenium.webdriver.chrome.webdriver.WebDriver (session=\"bc85c6db809ab09f6fe0595c6369429c\")>> = <selenium.webdriver.chrome.webdriver.WebDriver (session=\"bc85c6db809ab09f6fe0595c6369429c\")>.find_elements\n +      and   'class name' = By.CLASS_NAME","time":{"start":1695829534179,"stop":1695829536356,"duration":2177}},{"uid":"1a90c47b2b19e17a","status":"failed","statusDetails":"AssertionError: assert 'A/B Testing' == 'The Internet'\n  - The Internet\n  + A/B Testing","time":{"start":1695828406757,"stop":1695828408677,"duration":1920}},{"uid":"67afd9d0cdba63fb","status":"failed","statusDetails":"AssertionError: assert 'A/B Testing' in 'The Internet'\n +  where 'The Internet' = <selenium.webdriver.chrome.webdriver.WebDriver (session=\"dcba5b06cd5701dab73ddc6a9ac1a4e0\")>.title","time":{"start":1695828359049,"stop":1695828361002,"duration":1953}},{"uid":"f8fced0afacbf638","status":"failed","statusDetails":"AssertionError: assert 1 == 0\n +  where 1 = len([<selenium.webdriver.remote.webelement.WebElement (session=\"c38ae97b3472e72cf71faab207e2b8ef\", element=\"40222F23A6A6F2A17C8822D08C310E31_element_15\")>])\n +    where [<selenium.webdriver.remote.webelement.WebElement (session=\"c38ae97b3472e72cf71faab207e2b8ef\", element=\"40222F23A6A6F2A17C8822D08C310E31_element_15\")>] = <bound method WebDriver.find_elements of <selenium.webdriver.chrome.webdriver.WebDriver (session=\"c38ae97b3472e72cf71faab207e2b8ef\")>>('class name', 'added-manually')\n +      where <bound method WebDriver.find_elements of <selenium.webdriver.chrome.webdriver.WebDriver (session=\"c38ae97b3472e72cf71faab207e2b8ef\")>> = <selenium.webdriver.chrome.webdriver.WebDriver (session=\"c38ae97b3472e72cf71faab207e2b8ef\")>.find_elements\n +      and   'class name' = By.CLASS_NAME","time":{"start":1695735628778,"stop":1695735635069,"duration":6291}},{"uid":"a3a8062e8edb7ce8","status":"passed","time":{"start":1695735513676,"stop":1695735544035,"duration":30359}},{"uid":"7cac921854eb8e2f","status":"passed","time":{"start":1695735246021,"stop":1695735250830,"duration":4809}},{"uid":"22587ed8264a8ddf","status":"broken","statusDetails":"selenium.common.exceptions.NoSuchWindowException: Message: no such window: target window already closed\nfrom unknown error: web view not found\n  (Session info: chrome=116.0.5845.187)\nStacktrace:\n0   chromedriver                        0x00000001010fa65c chromedriver + 4318812\n1   chromedriver                        0x00000001010f2d00 chromedriver + 4287744\n2   chromedriver                        0x0000000100d247ec chromedriver + 296940\n3   chromedriver                        0x0000000100cfc6e4 chromedriver + 132836\n4   chromedriver                        0x0000000100d87de4 chromedriver + 703972\n5   chromedriver                        0x0000000100d9a5b8 chromedriver + 779704\n6   chromedriver                        0x0000000100d56178 chromedriver + 500088\n7   chromedriver                        0x0000000100d56fc0 chromedriver + 503744\n8   chromedriver                        0x00000001010bac40 chromedriver + 4058176\n9   chromedriver                        0x00000001010bf160 chromedriver + 4075872\n10  chromedriver                        0x0000000101082e68 chromedriver + 3829352\n11  chromedriver                        0x00000001010bfc4c chromedriver + 4078668\n12  chromedriver                        0x0000000101097f08 chromedriver + 3915528\n13  chromedriver                        0x00000001010dc140 chromedriver + 4194624\n14  chromedriver                        0x00000001010dc2c4 chromedriver + 4195012\n15  chromedriver                        0x00000001010ec4d0 chromedriver + 4261072\n16  libsystem_pthread.dylib             0x00000001a539ffa8 _pthread_start + 148\n17  libsystem_pthread.dylib             0x00000001a539ada0 thread_start + 8","time":{"start":1695735190402,"stop":1695735241880,"duration":51478}},{"uid":"f48cbeffa69d7385","status":"passed","time":{"start":1695735029514,"stop":1695735051013,"duration":21499}},{"uid":"20154e3b550b9644","status":"failed","statusDetails":"AssertionError: assert 'A/B Test' in 'The Internet'\n +  where 'The Internet' = <selenium.webdriver.chrome.webdriver.WebDriver (session=\"8cc5bc4616fa24e405d9e9ab9b309808\")>.title","time":{"start":1695734920419,"stop":1695734923360,"duration":2941}}],"categories":[{"name":"Product defects","matchedStatuses":[],"flaky":false}],"tags":[]},"source":"7f10a997f7dd8d1e.json","parameterValues":[]}