{"uid":"c5a7df5684ca810f","name":"Playground Scenario Test","fullName":"main#test_playground_scenario","historyId":"3adbab820130a1780cc55761aeeadbc3","time":{"start":1695829534179,"stop":1695829536356,"duration":2177},"status":"failed","statusMessage":"AssertionError: Expected quantity in the chart: 1, Actual: 0\nassert 0 == 1\n +  where 0 = len([])\n +    where [] = <bound method WebDriver.find_elements of <selenium.webdriver.chrome.webdriver.WebDriver (session=\"bc85c6db809ab09f6fe0595c6369429c\")>>('class name', 'added-manually')\n +      where <bound method WebDriver.find_elements of <selenium.webdriver.chrome.webdriver.WebDriver (session=\"bc85c6db809ab09f6fe0595c6369429c\")>> = <selenium.webdriver.chrome.webdriver.WebDriver (session=\"bc85c6db809ab09f6fe0595c6369429c\")>.find_elements\n +      and   'class name' = By.CLASS_NAME","statusTrace":"driver = <selenium.webdriver.chrome.webdriver.WebDriver (session=\"bc85c6db809ab09f6fe0595c6369429c\")>\n\n    @allure.title(\"Playground Scenario Test\")\n    def test_playground_scenario(driver):\n        # Open \"The Internet\" testing playground\n        driver.get(\"https://the-internet.herokuapp.com/\")\n    \n        # Step 1: Click on the 'A/B Testing' link\n        with allure.step(\"Step 1: Click on the 'A/B Testing' link\"):\n            driver.find_element(By.LINK_TEXT, \"A/B Testing\").click()\n    \n        # Step 2: Verify landing page (buggy)\n        with allure.step(\"Step 2: Verify page title\"):\n            assert \"The Internet\" == driver.title  # This should fail due to a bug\n    \n        # Step 3: Navigate back to the home page\n        with allure.step(\"Step 3: Navigate back to the home page\"):\n            driver.back()\n    \n        # Step 4: Click on the 'Add/Remove Elements' link\n        with allure.step(\"Step 4: Click on the 'Add/Remove Elements' link\"):\n            driver.find_element(By.LINK_TEXT, \"Add/Remove Elements\").click()\n    \n        # Step 5: Click 'Add Element' button\n        with allure.step(\"Step 5: Click 'Add Element' button\"):\n            driver.find_element(By.CSS_SELECTOR, \"button[onclick='addElement()']\").click()\n    \n        # Step 6: Verify element added\n        with allure.step(\"Step 6: Verify element added\"):\n            assert len(driver.find_elements(By.CLASS_NAME, \"added-manually\")) == 1  # This should fail due to a bug\n    \n        # Step 7: Click 'Delete' button\n        with allure.step(\"Step 7: Click 'Delete' button\"):\n            delete_button = driver.find_element(By.CLASS_NAME, \"added-manually\")\n            delete_button.find_element(By.XPATH, \"..\").find_element(By.XPATH, \"./button[text()='Delete']\").click()\n    \n        # Step 8: Verify element deleted\n        with allure.step(\"Step 8: Verify element deleted\"):\n>           assert len(driver.find_elements(By.CLASS_NAME, \"added-manually\")) == 1, \"Expected quantity in the chart: 1, Actual: 0\"\nE           AssertionError: Expected quantity in the chart: 1, Actual: 0\nE           assert 0 == 1\nE            +  where 0 = len([])\nE            +    where [] = <bound method WebDriver.find_elements of <selenium.webdriver.chrome.webdriver.WebDriver (session=\"bc85c6db809ab09f6fe0595c6369429c\")>>('class name', 'added-manually')\nE            +      where <bound method WebDriver.find_elements of <selenium.webdriver.chrome.webdriver.WebDriver (session=\"bc85c6db809ab09f6fe0595c6369429c\")>> = <selenium.webdriver.chrome.webdriver.WebDriver (session=\"bc85c6db809ab09f6fe0595c6369429c\")>.find_elements\nE            +      and   'class name' = By.CLASS_NAME\n\nmain.py:50: AssertionError","flaky":false,"newFailed":false,"newBroken":false,"newPassed":false,"retriesCount":0,"retriesStatusChange":false,"beforeStages":[{"name":"driver","time":{"start":1695829532855,"stop":1695829534173,"duration":1318},"status":"passed","steps":[],"attachments":[],"parameters":[],"stepsCount":0,"hasContent":false,"shouldDisplayMessage":false,"attachmentsCount":0}],"testStage":{"status":"failed","statusMessage":"AssertionError: Expected quantity in the chart: 1, Actual: 0\nassert 0 == 1\n +  where 0 = len([])\n +    where [] = <bound method WebDriver.find_elements of <selenium.webdriver.chrome.webdriver.WebDriver (session=\"bc85c6db809ab09f6fe0595c6369429c\")>>('class name', 'added-manually')\n +      where <bound method WebDriver.find_elements of <selenium.webdriver.chrome.webdriver.WebDriver (session=\"bc85c6db809ab09f6fe0595c6369429c\")>> = <selenium.webdriver.chrome.webdriver.WebDriver (session=\"bc85c6db809ab09f6fe0595c6369429c\")>.find_elements\n +      and   'class name' = By.CLASS_NAME","statusTrace":"driver = <selenium.webdriver.chrome.webdriver.WebDriver (session=\"bc85c6db809ab09f6fe0595c6369429c\")>\n\n    @allure.title(\"Playground Scenario Test\")\n    def test_playground_scenario(driver):\n        # Open \"The Internet\" testing playground\n        driver.get(\"https://the-internet.herokuapp.com/\")\n    \n        # Step 1: Click on the 'A/B Testing' link\n        with allure.step(\"Step 1: Click on the 'A/B Testing' link\"):\n            driver.find_element(By.LINK_TEXT, \"A/B Testing\").click()\n    \n        # Step 2: Verify landing page (buggy)\n        with allure.step(\"Step 2: Verify page title\"):\n            assert \"The Internet\" == driver.title  # This should fail due to a bug\n    \n        # Step 3: Navigate back to the home page\n        with allure.step(\"Step 3: Navigate back to the home page\"):\n            driver.back()\n    \n        # Step 4: Click on the 'Add/Remove Elements' link\n        with allure.step(\"Step 4: Click on the 'Add/Remove Elements' link\"):\n            driver.find_element(By.LINK_TEXT, \"Add/Remove Elements\").click()\n    \n        # Step 5: Click 'Add Element' button\n        with allure.step(\"Step 5: Click 'Add Element' button\"):\n            driver.find_element(By.CSS_SELECTOR, \"button[onclick='addElement()']\").click()\n    \n        # Step 6: Verify element added\n        with allure.step(\"Step 6: Verify element added\"):\n            assert len(driver.find_elements(By.CLASS_NAME, \"added-manually\")) == 1  # This should fail due to a bug\n    \n        # Step 7: Click 'Delete' button\n        with allure.step(\"Step 7: Click 'Delete' button\"):\n            delete_button = driver.find_element(By.CLASS_NAME, \"added-manually\")\n            delete_button.find_element(By.XPATH, \"..\").find_element(By.XPATH, \"./button[text()='Delete']\").click()\n    \n        # Step 8: Verify element deleted\n        with allure.step(\"Step 8: Verify element deleted\"):\n>           assert len(driver.find_elements(By.CLASS_NAME, \"added-manually\")) == 1, \"Expected quantity in the chart: 1, Actual: 0\"\nE           AssertionError: Expected quantity in the chart: 1, Actual: 0\nE           assert 0 == 1\nE            +  where 0 = len([])\nE            +    where [] = <bound method WebDriver.find_elements of <selenium.webdriver.chrome.webdriver.WebDriver (session=\"bc85c6db809ab09f6fe0595c6369429c\")>>('class name', 'added-manually')\nE            +      where <bound method WebDriver.find_elements of <selenium.webdriver.chrome.webdriver.WebDriver (session=\"bc85c6db809ab09f6fe0595c6369429c\")>> = <selenium.webdriver.chrome.webdriver.WebDriver (session=\"bc85c6db809ab09f6fe0595c6369429c\")>.find_elements\nE            +      and   'class name' = By.CLASS_NAME\n\nmain.py:50: AssertionError","steps":[{"name":"Step 1: Click on the 'A/B Testing' link","time":{"start":1695829535929,"stop":1695829536109,"duration":180},"status":"passed","steps":[],"attachments":[],"parameters":[],"stepsCount":0,"hasContent":false,"shouldDisplayMessage":false,"attachmentsCount":0},{"name":"Step 2: Verify page title","time":{"start":1695829536109,"stop":1695829536111,"duration":2},"status":"passed","steps":[],"attachments":[],"parameters":[],"stepsCount":0,"hasContent":false,"shouldDisplayMessage":false,"attachmentsCount":0},{"name":"Step 3: Navigate back to the home page","time":{"start":1695829536111,"stop":1695829536118,"duration":7},"status":"passed","steps":[],"attachments":[],"parameters":[],"stepsCount":0,"hasContent":false,"shouldDisplayMessage":false,"attachmentsCount":0},{"name":"Step 4: Click on the 'Add/Remove Elements' link","time":{"start":1695829536118,"stop":1695829536293,"duration":175},"status":"passed","steps":[],"attachments":[],"parameters":[],"stepsCount":0,"hasContent":false,"shouldDisplayMessage":false,"attachmentsCount":0},{"name":"Step 5: Click 'Add Element' button","time":{"start":1695829536293,"stop":1695829536319,"duration":26},"status":"passed","steps":[],"attachments":[],"parameters":[],"stepsCount":0,"hasContent":false,"shouldDisplayMessage":false,"attachmentsCount":0},{"name":"Step 6: Verify element added","time":{"start":1695829536319,"stop":1695829536324,"duration":5},"status":"passed","steps":[],"attachments":[],"parameters":[],"stepsCount":0,"hasContent":false,"shouldDisplayMessage":false,"attachmentsCount":0},{"name":"Step 7: Click 'Delete' button","time":{"start":1695829536324,"stop":1695829536351,"duration":27},"status":"passed","steps":[],"attachments":[],"parameters":[],"stepsCount":0,"hasContent":false,"shouldDisplayMessage":false,"attachmentsCount":0},{"name":"Step 8: Verify element deleted","time":{"start":1695829536351,"stop":1695829536355,"duration":4},"status":"failed","statusMessage":"AssertionError: Expected quantity in the chart: 1, Actual: 0\nassert 0 == 1\n +  where 0 = len([])\n +    where [] = <bound method WebDriver.find_elements of <selenium.webdriver.chrome.webdriver.WebDriver (session=\"bc85c6db809ab09f6fe0595c6369429c\")>>('class name', 'added-manually')\n +      where <bound method WebDriver.find_elements of <selenium.webdriver.chrome.webdriver.WebDriver (session=\"bc85c6db809ab09f6fe0595c6369429c\")>> = <selenium.webdriver.chrome.webdriver.WebDriver (session=\"bc85c6db809ab09f6fe0595c6369429c\")>.find_elements\n +      and   'class name' = By.CLASS_NAME\n","statusTrace":"  File \"/Users/liza/PycharmProjects/example2/main.py\", line 50, in test_playground_scenario\n    assert len(driver.find_elements(By.CLASS_NAME, \"added-manually\")) == 1, \"Expected quantity in the chart: 1, Actual: 0\"\n","steps":[],"attachments":[],"parameters":[],"stepsCount":0,"hasContent":true,"shouldDisplayMessage":true,"attachmentsCount":0}],"attachments":[],"parameters":[],"stepsCount":8,"hasContent":true,"shouldDisplayMessage":true,"attachmentsCount":0},"afterStages":[{"name":"driver::0","time":{"start":1695829536377,"stop":1695829536459,"duration":82},"status":"passed","steps":[],"attachments":[],"parameters":[],"stepsCount":0,"hasContent":false,"shouldDisplayMessage":false,"attachmentsCount":0}],"labels":[{"name":"suite","value":"main"},{"name":"host","value":"ip-172-16-4-172.eu-central-1.compute.internal"},{"name":"thread","value":"80629-MainThread"},{"name":"framework","value":"pytest"},{"name":"language","value":"cpython3"},{"name":"package","value":"main"},{"name":"resultFormat","value":"allure2"}],"parameters":[],"links":[],"hidden":true,"retry":true,"extra":{"categories":[],"tags":[]},"source":"c5a7df5684ca810f.json","parameterValues":[]}