{"uid":"f8fced0afacbf638","name":"Playground Scenario Test","fullName":"main#test_playground_scenario","historyId":"3adbab820130a1780cc55761aeeadbc3","time":{"start":1695735628778,"stop":1695735635069,"duration":6291},"status":"failed","statusMessage":"AssertionError: assert 1 == 0\n +  where 1 = len([<selenium.webdriver.remote.webelement.WebElement (session=\"c38ae97b3472e72cf71faab207e2b8ef\", element=\"40222F23A6A6F2A17C8822D08C310E31_element_15\")>])\n +    where [<selenium.webdriver.remote.webelement.WebElement (session=\"c38ae97b3472e72cf71faab207e2b8ef\", element=\"40222F23A6A6F2A17C8822D08C310E31_element_15\")>] = <bound method WebDriver.find_elements of <selenium.webdriver.chrome.webdriver.WebDriver (session=\"c38ae97b3472e72cf71faab207e2b8ef\")>>('class name', 'added-manually')\n +      where <bound method WebDriver.find_elements of <selenium.webdriver.chrome.webdriver.WebDriver (session=\"c38ae97b3472e72cf71faab207e2b8ef\")>> = <selenium.webdriver.chrome.webdriver.WebDriver (session=\"c38ae97b3472e72cf71faab207e2b8ef\")>.find_elements\n +      and   'class name' = By.CLASS_NAME","statusTrace":"driver = <selenium.webdriver.chrome.webdriver.WebDriver (session=\"c38ae97b3472e72cf71faab207e2b8ef\")>\n\n    @allure.title(\"Playground Scenario Test\")\n    def test_playground_scenario(driver):\n        # Open \"The Internet\" testing playground\n        driver.get(\"https://the-internet.herokuapp.com/\")\n    \n        # Step 1: Click on the 'A/B Testing' link\n        with allure.step(\"Step 1: Click on the 'A/B Testing' link\"):\n            driver.find_element(By.LINK_TEXT, \"A/B Testing\").click()\n    \n        # Step 2: Verify landing page (buggy)\n        with allure.step(\"Step 2: Verify landing page\"):\n            assert \"The Internet\" in driver.title  # This should fail due to a bug\n    \n        # Step 3: Navigate back to the home page\n        with allure.step(\"Step 3: Navigate back to the home page\"):\n            driver.back()\n    \n        # Step 4: Click on the 'Add/Remove Elements' link\n        with allure.step(\"Step 4: Click on the 'Add/Remove Elements' link\"):\n            driver.find_element(By.LINK_TEXT, \"Add/Remove Elements\").click()\n    \n        # Step 5: Click 'Add Element' button\n        with allure.step(\"Step 5: Click 'Add Element' button\"):\n            driver.find_element(By.CSS_SELECTOR, \"button[onclick='addElement()']\").click()\n    \n        # Step 6: Verify element added\n        with allure.step(\"Step 6: Verify element added\"):\n>           assert len(driver.find_elements(By.CLASS_NAME, \"added-manually\")) == 0  # This should fail due to a bug\nE           assert 1 == 0\nE            +  where 1 = len([<selenium.webdriver.remote.webelement.WebElement (session=\"c38ae97b3472e72cf71faab207e2b8ef\", element=\"40222F23A6A6F2A17C8822D08C310E31_element_15\")>])\nE            +    where [<selenium.webdriver.remote.webelement.WebElement (session=\"c38ae97b3472e72cf71faab207e2b8ef\", element=\"40222F23A6A6F2A17C8822D08C310E31_element_15\")>] = <bound method WebDriver.find_elements of <selenium.webdriver.chrome.webdriver.WebDriver (session=\"c38ae97b3472e72cf71faab207e2b8ef\")>>('class name', 'added-manually')\nE            +      where <bound method WebDriver.find_elements of <selenium.webdriver.chrome.webdriver.WebDriver (session=\"c38ae97b3472e72cf71faab207e2b8ef\")>> = <selenium.webdriver.chrome.webdriver.WebDriver (session=\"c38ae97b3472e72cf71faab207e2b8ef\")>.find_elements\nE            +      and   'class name' = By.CLASS_NAME\n\nmain.py:41: AssertionError","flaky":false,"newFailed":false,"newBroken":false,"newPassed":false,"retriesCount":0,"retriesStatusChange":false,"beforeStages":[{"name":"driver","time":{"start":1695735627115,"stop":1695735628774,"duration":1659},"status":"passed","steps":[],"attachments":[],"parameters":[],"stepsCount":0,"hasContent":false,"shouldDisplayMessage":false,"attachmentsCount":0}],"testStage":{"status":"failed","statusMessage":"AssertionError: assert 1 == 0\n +  where 1 = len([<selenium.webdriver.remote.webelement.WebElement (session=\"c38ae97b3472e72cf71faab207e2b8ef\", element=\"40222F23A6A6F2A17C8822D08C310E31_element_15\")>])\n +    where [<selenium.webdriver.remote.webelement.WebElement (session=\"c38ae97b3472e72cf71faab207e2b8ef\", element=\"40222F23A6A6F2A17C8822D08C310E31_element_15\")>] = <bound method WebDriver.find_elements of <selenium.webdriver.chrome.webdriver.WebDriver (session=\"c38ae97b3472e72cf71faab207e2b8ef\")>>('class name', 'added-manually')\n +      where <bound method WebDriver.find_elements of <selenium.webdriver.chrome.webdriver.WebDriver (session=\"c38ae97b3472e72cf71faab207e2b8ef\")>> = <selenium.webdriver.chrome.webdriver.WebDriver (session=\"c38ae97b3472e72cf71faab207e2b8ef\")>.find_elements\n +      and   'class name' = By.CLASS_NAME","statusTrace":"driver = <selenium.webdriver.chrome.webdriver.WebDriver (session=\"c38ae97b3472e72cf71faab207e2b8ef\")>\n\n    @allure.title(\"Playground Scenario Test\")\n    def test_playground_scenario(driver):\n        # Open \"The Internet\" testing playground\n        driver.get(\"https://the-internet.herokuapp.com/\")\n    \n        # Step 1: Click on the 'A/B Testing' link\n        with allure.step(\"Step 1: Click on the 'A/B Testing' link\"):\n            driver.find_element(By.LINK_TEXT, \"A/B Testing\").click()\n    \n        # Step 2: Verify landing page (buggy)\n        with allure.step(\"Step 2: Verify landing page\"):\n            assert \"The Internet\" in driver.title  # This should fail due to a bug\n    \n        # Step 3: Navigate back to the home page\n        with allure.step(\"Step 3: Navigate back to the home page\"):\n            driver.back()\n    \n        # Step 4: Click on the 'Add/Remove Elements' link\n        with allure.step(\"Step 4: Click on the 'Add/Remove Elements' link\"):\n            driver.find_element(By.LINK_TEXT, \"Add/Remove Elements\").click()\n    \n        # Step 5: Click 'Add Element' button\n        with allure.step(\"Step 5: Click 'Add Element' button\"):\n            driver.find_element(By.CSS_SELECTOR, \"button[onclick='addElement()']\").click()\n    \n        # Step 6: Verify element added\n        with allure.step(\"Step 6: Verify element added\"):\n>           assert len(driver.find_elements(By.CLASS_NAME, \"added-manually\")) == 0  # This should fail due to a bug\nE           assert 1 == 0\nE            +  where 1 = len([<selenium.webdriver.remote.webelement.WebElement (session=\"c38ae97b3472e72cf71faab207e2b8ef\", element=\"40222F23A6A6F2A17C8822D08C310E31_element_15\")>])\nE            +    where [<selenium.webdriver.remote.webelement.WebElement (session=\"c38ae97b3472e72cf71faab207e2b8ef\", element=\"40222F23A6A6F2A17C8822D08C310E31_element_15\")>] = <bound method WebDriver.find_elements of <selenium.webdriver.chrome.webdriver.WebDriver (session=\"c38ae97b3472e72cf71faab207e2b8ef\")>>('class name', 'added-manually')\nE            +      where <bound method WebDriver.find_elements of <selenium.webdriver.chrome.webdriver.WebDriver (session=\"c38ae97b3472e72cf71faab207e2b8ef\")>> = <selenium.webdriver.chrome.webdriver.WebDriver (session=\"c38ae97b3472e72cf71faab207e2b8ef\")>.find_elements\nE            +      and   'class name' = By.CLASS_NAME\n\nmain.py:41: AssertionError","steps":[{"name":"Step 1: Click on the 'A/B Testing' link","time":{"start":1695735633924,"stop":1695735634192,"duration":268},"status":"passed","steps":[],"attachments":[],"parameters":[],"stepsCount":0,"hasContent":false,"shouldDisplayMessage":false,"attachmentsCount":0},{"name":"Step 2: Verify landing page","time":{"start":1695735634192,"stop":1695735634195,"duration":3},"status":"passed","steps":[],"attachments":[],"parameters":[],"stepsCount":0,"hasContent":false,"shouldDisplayMessage":false,"attachmentsCount":0},{"name":"Step 3: Navigate back to the home page","time":{"start":1695735634195,"stop":1695735634199,"duration":4},"status":"passed","steps":[],"attachments":[],"parameters":[],"stepsCount":0,"hasContent":false,"shouldDisplayMessage":false,"attachmentsCount":0},{"name":"Step 4: Click on the 'Add/Remove Elements' link","time":{"start":1695735634199,"stop":1695735635037,"duration":838},"status":"passed","steps":[],"attachments":[],"parameters":[],"stepsCount":0,"hasContent":false,"shouldDisplayMessage":false,"attachmentsCount":0},{"name":"Step 5: Click 'Add Element' button","time":{"start":1695735635037,"stop":1695735635063,"duration":26},"status":"passed","steps":[],"attachments":[],"parameters":[],"stepsCount":0,"hasContent":false,"shouldDisplayMessage":false,"attachmentsCount":0},{"name":"Step 6: Verify element added","time":{"start":1695735635063,"stop":1695735635068,"duration":5},"status":"failed","statusMessage":"AssertionError: assert 1 == 0\n +  where 1 = len([<selenium.webdriver.remote.webelement.WebElement (session=\"c38ae97b3472e72cf71faab207e2b8ef\", element=\"40222F23A6A6F2A17C8822D08C310E31_element_15\")>])\n +    where [<selenium.webdriver.remote.webelement.WebElement (session=\"c38ae97b3472e72cf71faab207e2b8ef\", element=\"40222F23A6A6F2A17C8822D08C310E31_element_15\")>] = <bound method WebDriver.find_elements of <selenium.webdriver.chrome.webdriver.WebDriver (session=\"c38ae97b3472e72cf71faab207e2b8ef\")>>('class name', 'added-manually')\n +      where <bound method WebDriver.find_elements of <selenium.webdriver.chrome.webdriver.WebDriver (session=\"c38ae97b3472e72cf71faab207e2b8ef\")>> = <selenium.webdriver.chrome.webdriver.WebDriver (session=\"c38ae97b3472e72cf71faab207e2b8ef\")>.find_elements\n +      and   'class name' = By.CLASS_NAME\n","statusTrace":"  File \"/Users/liza/PycharmProjects/example1/main.py\", line 41, in test_playground_scenario\n    assert len(driver.find_elements(By.CLASS_NAME, \"added-manually\")) == 0  # This should fail due to a bug\n    ^^^^^^^^^^^^^^^^^^^^^^^^^^^^^^^^^^^^^^^^^^^^^^^^^^^^^^^^^^^^^^^^^^^^^^\n","steps":[],"attachments":[],"parameters":[],"stepsCount":0,"hasContent":true,"shouldDisplayMessage":true,"attachmentsCount":0}],"attachments":[],"parameters":[],"stepsCount":6,"hasContent":true,"shouldDisplayMessage":true,"attachmentsCount":0},"afterStages":[{"name":"driver::0","time":{"start":1695735635092,"stop":1695735635172,"duration":80},"status":"passed","steps":[],"attachments":[],"parameters":[],"stepsCount":0,"hasContent":false,"shouldDisplayMessage":false,"attachmentsCount":0}],"labels":[{"name":"suite","value":"main"},{"name":"host","value":"Lizas-MacBook-Pro.local"},{"name":"thread","value":"66615-MainThread"},{"name":"framework","value":"pytest"},{"name":"language","value":"cpython3"},{"name":"package","value":"main"},{"name":"resultFormat","value":"allure2"}],"parameters":[],"links":[],"hidden":true,"retry":true,"extra":{"categories":[],"tags":[]},"source":"f8fced0afacbf638.json","parameterValues":[]}